[1] "Lancement de la partie remontee des donnees supp :2022-02-20 03:50:56"
[1] "Initialisation du schema :2022-02-20 03:50:56"
[1] "Initialisation des tables :2022-02-20 03:50:56"
[1] "Separation des donneees et remontee sous PostGre:2022-02-20 03:50:56"
[1] "Chargement de :  ./Prod/Output/supp_rds/SUPP_20220220024307.RDS"
[1] "Chargement de :  ./Prod/Output/supp_rds/SUPP_20220220024318.RDS"
[1] "Chargement de :  ./Prod/Output/supp_rds/SUPP_20220220024331.RDS"
[1] "Chargement de :  ./Prod/Output/supp_rds/SUPP_20220220024344.RDS"
[1] "Chargement de :  ./Prod/Output/supp_rds/SUPP_20220220024357.RDS"
[1] "Chargement de :  ./Prod/Output/supp_rds/SUPP_20220220024409.RDS"
[1] "Chargement de :  ./Prod/Output/supp_rds/SUPP_20220220024421.RDS"
[1] "Chargement de :  ./Prod/Output/supp_rds/SUPP_20220220024434.RDS"
[1] "Chargement de :  ./Prod/Output/supp_rds/SUPP_20220220024447.RDS"
[1] "Chargement de :  ./Prod/Output/supp_rds/SUPP_20220220024500.RDS"
[1] "Chargement de :  ./Prod/Output/supp_rds/SUPP_20220220024512.RDS"
[1] "Chargement de :  ./Prod/Output/supp_rds/SUPP_20220220024525.RDS"
[1] "Chargement de :  ./Prod/Output/supp_rds/SUPP_20220220024537.RDS"
[1] "Chargement de :  ./Prod/Output/supp_rds/SUPP_20220220024549.RDS"
[1] "Chargement de :  ./Prod/Output/supp_rds/SUPP_20220220024601.RDS"
[1] "Chargement de :  ./Prod/Output/supp_rds/SUPP_20220220024614.RDS"
[1] "Chargement de :  ./Prod/Output/supp_rds/SUPP_20220220024626.RDS"
[1] "Chargement de :  ./Prod/Output/supp_rds/SUPP_20220220024639.RDS"
[1] "Chargement de :  ./Prod/Output/supp_rds/SUPP_20220220024651.RDS"
[1] "Chargement de :  ./Prod/Output/supp_rds/SUPP_20220220024703.RDS"
[1] "Chargement de :  ./Prod/Output/supp_rds/SUPP_20220220024716.RDS"
[1] "Chargement de :  ./Prod/Output/supp_rds/SUPP_20220220024729.RDS"
[1] "Chargement de :  ./Prod/Output/supp_rds/SUPP_20220220024741.RDS"
[1] "Chargement de :  ./Prod/Output/supp_rds/SUPP_20220220024753.RDS"
[1] "Chargement de :  ./Prod/Output/supp_rds/SUPP_20220220024805.RDS"
[1] "Chargement de :  ./Prod/Output/supp_rds/SUPP_20220220024818.RDS"
[1] "Chargement de :  ./Prod/Output/supp_rds/SUPP_20220220024831.RDS"
[1] "Chargement de :  ./Prod/Output/supp_rds/SUPP_20220220024844.RDS"
[1] "Chargement de :  ./Prod/Output/supp_rds/SUPP_20220220024856.RDS"
[1] "Chargement de :  ./Prod/Output/supp_rds/SUPP_20220220024909.RDS"
[1] "Chargement de :  ./Prod/Output/supp_rds/SUPP_20220220024923.RDS"
[1] "Chargement de :  ./Prod/Output/supp_rds/SUPP_20220220024935.RDS"
[1] "Chargement de :  ./Prod/Output/supp_rds/SUPP_20220220024948.RDS"
[1] "Chargement de :  ./Prod/Output/supp_rds/SUPP_20220220025000.RDS"
[1] "Chargement de :  ./Prod/Output/supp_rds/SUPP_20220220025012.RDS"
[1] "Chargement de :  ./Prod/Output/supp_rds/SUPP_20220220025025.RDS"
[1] "Chargement de :  ./Prod/Output/supp_rds/SUPP_20220220025038.RDS"
[1] "Chargement de :  ./Prod/Output/supp_rds/SUPP_20220220025050.RDS"
[1] "Chargement de :  ./Prod/Output/supp_rds/SUPP_20220220025103.RDS"
[1] "Chargement de :  ./Prod/Output/supp_rds/SUPP_20220220025116.RDS"
[1] "Chargement de :  ./Prod/Output/supp_rds/SUPP_20220220025129.RDS"
[1] "Chargement de :  ./Prod/Output/supp_rds/SUPP_20220220025142.RDS"
[1] "Chargement de :  ./Prod/Output/supp_rds/SUPP_20220220025155.RDS"
[1] "Chargement de :  ./Prod/Output/supp_rds/SUPP_20220220025207.RDS"
[1] "Chargement de :  ./Prod/Output/supp_rds/SUPP_20220220025220.RDS"
[1] "Chargement de :  ./Prod/Output/supp_rds/SUPP_20220220025231.RDS"
[1] "Chargement de :  ./Prod/Output/supp_rds/SUPP_20220220025243.RDS"
[1] "Chargement de :  ./Prod/Output/supp_rds/SUPP_20220220025256.RDS"
[1] "Chargement de :  ./Prod/Output/supp_rds/SUPP_20220220025308.RDS"
[1] "Chargement de :  ./Prod/Output/supp_rds/SUPP_20220220025321.RDS"
[1] "Chargement de :  ./Prod/Output/supp_rds/SUPP_20220220025334.RDS"
[1] "Chargement de :  ./Prod/Output/supp_rds/SUPP_20220220025347.RDS"
[1] "Chargement de :  ./Prod/Output/supp_rds/SUPP_20220220025359.RDS"
[1] "Chargement de :  ./Prod/Output/supp_rds/SUPP_20220220025411.RDS"
[1] "Chargement de :  ./Prod/Output/supp_rds/SUPP_20220220025424.RDS"
[1] "Chargement de :  ./Prod/Output/supp_rds/SUPP_20220220025436.RDS"
[1] "Chargement de :  ./Prod/Output/supp_rds/SUPP_20220220025448.RDS"
[1] "Chargement de :  ./Prod/Output/supp_rds/SUPP_20220220025500.RDS"
[1] "Chargement de :  ./Prod/Output/supp_rds/SUPP_20220220025513.RDS"
[1] "Chargement de :  ./Prod/Output/supp_rds/SUPP_20220220025525.RDS"
[1] "Chargement de :  ./Prod/Output/supp_rds/SUPP_20220220025537.RDS"
[1] "Chargement de :  ./Prod/Output/supp_rds/SUPP_20220220025550.RDS"
[1] "Chargement de :  ./Prod/Output/supp_rds/SUPP_20220220025603.RDS"
[1] "Chargement de :  ./Prod/Output/supp_rds/SUPP_20220220025615.RDS"
[1] "Chargement de :  ./Prod/Output/supp_rds/SUPP_20220220025628.RDS"
[1] "Chargement de :  ./Prod/Output/supp_rds/SUPP_20220220025640.RDS"
[1] "Chargement de :  ./Prod/Output/supp_rds/SUPP_20220220025652.RDS"
[1] "Chargement de :  ./Prod/Output/supp_rds/SUPP_20220220025704.RDS"
[1] "Chargement de :  ./Prod/Output/supp_rds/SUPP_20220220025716.RDS"
[1] "Chargement de :  ./Prod/Output/supp_rds/SUPP_20220220025729.RDS"
[1] "Chargement de :  ./Prod/Output/supp_rds/SUPP_20220220025741.RDS"
[1] "Chargement de :  ./Prod/Output/supp_rds/SUPP_20220220025754.RDS"
[1] "Chargement de :  ./Prod/Output/supp_rds/SUPP_20220220025807.RDS"
[1] "Chargement de :  ./Prod/Output/supp_rds/SUPP_20220220025820.RDS"
[1] "Chargement de :  ./Prod/Output/supp_rds/SUPP_20220220025833.RDS"
[1] "Chargement de :  ./Prod/Output/supp_rds/SUPP_20220220025846.RDS"
[1] "Chargement de :  ./Prod/Output/supp_rds/SUPP_20220220025859.RDS"
[1] "Chargement de :  ./Prod/Output/supp_rds/SUPP_20220220025912.RDS"
[1] "Chargement de :  ./Prod/Output/supp_rds/SUPP_20220220025924.RDS"
[1] "Chargement de :  ./Prod/Output/supp_rds/SUPP_20220220025936.RDS"
[1] "Chargement de :  ./Prod/Output/supp_rds/SUPP_20220220025949.RDS"
[1] "Chargement de :  ./Prod/Output/supp_rds/SUPP_20220220030001.RDS"
[1] "Chargement de :  ./Prod/Output/supp_rds/SUPP_20220220030014.RDS"
[1] "Chargement de :  ./Prod/Output/supp_rds/SUPP_20220220030027.RDS"
[1] "Chargement de :  ./Prod/Output/supp_rds/SUPP_20220220030039.RDS"
[1] "Chargement de :  ./Prod/Output/supp_rds/SUPP_20220220030052.RDS"
[1] "Chargement de :  ./Prod/Output/supp_rds/SUPP_20220220030105.RDS"
[1] "Chargement de :  ./Prod/Output/supp_rds/SUPP_20220220030120.RDS"
[1] "Chargement de :  ./Prod/Output/supp_rds/SUPP_20220220030135.RDS"
[1] "Chargement de :  ./Prod/Output/supp_rds/SUPP_20220220030147.RDS"
[1] "Chargement de :  ./Prod/Output/supp_rds/SUPP_20220220030202.RDS"
[1] "Chargement de :  ./Prod/Output/supp_rds/SUPP_20220220030216.RDS"
[1] "Chargement de :  ./Prod/Output/supp_rds/SUPP_20220220030230.RDS"
[1] "Chargement de :  ./Prod/Output/supp_rds/SUPP_20220220030244.RDS"
[1] "Chargement de :  ./Prod/Output/supp_rds/SUPP_20220220030257.RDS"
[1] "Chargement de :  ./Prod/Output/supp_rds/SUPP_20220220030310.RDS"
[1] "Chargement de :  ./Prod/Output/supp_rds/SUPP_20220220030324.RDS"
[1] "Chargement de :  ./Prod/Output/supp_rds/SUPP_20220220030337.RDS"
[1] "Chargement de :  ./Prod/Output/supp_rds/SUPP_20220220030349.RDS"
[1] "Chargement de :  ./Prod/Output/supp_rds/SUPP_20220220030402.RDS"
[1] "Chargement de :  ./Prod/Output/supp_rds/SUPP_20220220030414.RDS"
[1] "Chargement de :  ./Prod/Output/supp_rds/SUPP_20220220030427.RDS"
[1] "Chargement de :  ./Prod/Output/supp_rds/SUPP_20220220030439.RDS"
[1] "Chargement de :  ./Prod/Output/supp_rds/SUPP_20220220030452.RDS"
[1] "Chargement de :  ./Prod/Output/supp_rds/SUPP_20220220030505.RDS"
[1] "Chargement de :  ./Prod/Output/supp_rds/SUPP_20220220030519.RDS"
[1] "Chargement de :  ./Prod/Output/supp_rds/SUPP_20220220030533.RDS"
[1] "Chargement de :  ./Prod/Output/supp_rds/SUPP_20220220030546.RDS"
[1] "Chargement de :  ./Prod/Output/supp_rds/SUPP_20220220030601.RDS"
[1] "Chargement de :  ./Prod/Output/supp_rds/SUPP_20220220030616.RDS"
[1] "Chargement de :  ./Prod/Output/supp_rds/SUPP_20220220030631.RDS"
[1] "Chargement de :  ./Prod/Output/supp_rds/SUPP_20220220030643.RDS"
[1] "Chargement de :  ./Prod/Output/supp_rds/SUPP_20220220030655.RDS"
[1] "Chargement de :  ./Prod/Output/supp_rds/SUPP_20220220030710.RDS"
[1] "Chargement de :  ./Prod/Output/supp_rds/SUPP_20220220030724.RDS"
[1] "Chargement de :  ./Prod/Output/supp_rds/SUPP_20220220030738.RDS"
[1] "Chargement de :  ./Prod/Output/supp_rds/SUPP_20220220030752.RDS"
[1] "Chargement de :  ./Prod/Output/supp_rds/SUPP_20220220030805.RDS"
[1] "Chargement de :  ./Prod/Output/supp_rds/SUPP_20220220030819.RDS"
[1] "Chargement de :  ./Prod/Output/supp_rds/SUPP_20220220030833.RDS"
[1] "Chargement de :  ./Prod/Output/supp_rds/SUPP_20220220030847.RDS"
[1] "Chargement de :  ./Prod/Output/supp_rds/SUPP_20220220030901.RDS"
[1] "Chargement de :  ./Prod/Output/supp_rds/SUPP_20220220030916.RDS"
[1] "Chargement de :  ./Prod/Output/supp_rds/SUPP_20220220030928.RDS"
[1] "Chargement de :  ./Prod/Output/supp_rds/SUPP_20220220030943.RDS"
[1] "Chargement de :  ./Prod/Output/supp_rds/SUPP_20220220030957.RDS"
[1] "Chargement de :  ./Prod/Output/supp_rds/SUPP_20220220031012.RDS"
[1] "Chargement de :  ./Prod/Output/supp_rds/SUPP_20220220031026.RDS"
[1] "Chargement de :  ./Prod/Output/supp_rds/SUPP_20220220031039.RDS"
[1] "Chargement de :  ./Prod/Output/supp_rds/SUPP_20220220031054.RDS"
[1] "Chargement de :  ./Prod/Output/supp_rds/SUPP_20220220031108.RDS"
[1] "Chargement de :  ./Prod/Output/supp_rds/SUPP_20220220031122.RDS"
[1] "Chargement de :  ./Prod/Output/supp_rds/SUPP_20220220031136.RDS"
[1] "Chargement de :  ./Prod/Output/supp_rds/SUPP_20220220031151.RDS"
[1] "Chargement de :  ./Prod/Output/supp_rds/SUPP_20220220031202.RDS"
[1] "Chargement de :  ./Prod/Output/supp_rds/SUPP_20220220031217.RDS"
[1] "Chargement de :  ./Prod/Output/supp_rds/SUPP_20220220031231.RDS"
[1] "Chargement de :  ./Prod/Output/supp_rds/SUPP_20220220031244.RDS"
[1] "Chargement de :  ./Prod/Output/supp_rds/SUPP_20220220031258.RDS"
[1] "Chargement de :  ./Prod/Output/supp_rds/SUPP_20220220031312.RDS"
[1] "Chargement de :  ./Prod/Output/supp_rds/SUPP_20220220031326.RDS"
[1] "Chargement de :  ./Prod/Output/supp_rds/SUPP_20220220031340.RDS"
[1] "Chargement de :  ./Prod/Output/supp_rds/SUPP_20220220031354.RDS"
[1] "Chargement de :  ./Prod/Output/supp_rds/SUPP_20220220031409.RDS"
[1] "Chargement de :  ./Prod/Output/supp_rds/SUPP_20220220031424.RDS"
[1] "Chargement de :  ./Prod/Output/supp_rds/SUPP_20220220031436.RDS"
[1] "Chargement de :  ./Prod/Output/supp_rds/SUPP_20220220031451.RDS"
[1] "Chargement de :  ./Prod/Output/supp_rds/SUPP_20220220031505.RDS"
[1] "Chargement de :  ./Prod/Output/supp_rds/SUPP_20220220031520.RDS"
[1] "Chargement de :  ./Prod/Output/supp_rds/SUPP_20220220031534.RDS"
[1] "Chargement de :  ./Prod/Output/supp_rds/SUPP_20220220031548.RDS"
[1] "Chargement de :  ./Prod/Output/supp_rds/SUPP_20220220031602.RDS"
[1] "Chargement de :  ./Prod/Output/supp_rds/SUPP_20220220031615.RDS"
[1] "Chargement de :  ./Prod/Output/supp_rds/SUPP_20220220031629.RDS"
[1] "Chargement de :  ./Prod/Output/supp_rds/SUPP_20220220031643.RDS"
[1] "Chargement de :  ./Prod/Output/supp_rds/SUPP_20220220031656.RDS"
[1] "Chargement de :  ./Prod/Output/supp_rds/SUPP_20220220031708.RDS"
[1] "Chargement de :  ./Prod/Output/supp_rds/SUPP_20220220031723.RDS"
[1] "Chargement de :  ./Prod/Output/supp_rds/SUPP_20220220031739.RDS"
[1] "Chargement de :  ./Prod/Output/supp_rds/SUPP_20220220031755.RDS"
[1] "Chargement de :  ./Prod/Output/supp_rds/SUPP_20220220031811.RDS"
[1] "Chargement de :  ./Prod/Output/supp_rds/SUPP_20220220031825.RDS"
[1] "Chargement de :  ./Prod/Output/supp_rds/SUPP_20220220031839.RDS"
[1] "Chargement de :  ./Prod/Output/supp_rds/SUPP_20220220031851.RDS"
[1] "Chargement de :  ./Prod/Output/supp_rds/SUPP_20220220031902.RDS"
[1] "Chargement de :  ./Prod/Output/supp_rds/SUPP_20220220031912.RDS"
[1] "Chargement de :  ./Prod/Output/supp_rds/SUPP_20220220031922.RDS"
[1] "Chargement de :  ./Prod/Output/supp_rds/SUPP_20220220031934.RDS"
[1] "Chargement de :  ./Prod/Output/supp_rds/SUPP_20220220031944.RDS"
[1] "Chargement de :  ./Prod/Output/supp_rds/SUPP_20220220031955.RDS"
[1] "Chargement de :  ./Prod/Output/supp_rds/SUPP_20220220032005.RDS"
[1] "Chargement de :  ./Prod/Output/supp_rds/SUPP_20220220032015.RDS"
[1] "Chargement de :  ./Prod/Output/supp_rds/SUPP_20220220032026.RDS"
[1] "Chargement de :  ./Prod/Output/supp_rds/SUPP_20220220032036.RDS"
[1] "Chargement de :  ./Prod/Output/supp_rds/SUPP_20220220032046.RDS"
[1] "Chargement de :  ./Prod/Output/supp_rds/SUPP_20220220032057.RDS"
[1] "Chargement de :  ./Prod/Output/supp_rds/SUPP_20220220032112.RDS"
[1] "Chargement de :  ./Prod/Output/supp_rds/SUPP_20220220032127.RDS"
[1] "Chargement de :  ./Prod/Output/supp_rds/SUPP_20220220032139.RDS"
[1] "Chargement de :  ./Prod/Output/supp_rds/SUPP_20220220032151.RDS"
[1] "Chargement de :  ./Prod/Output/supp_rds/SUPP_20220220032202.RDS"
[1] "Chargement de :  ./Prod/Output/supp_rds/SUPP_20220220032212.RDS"
[1] "Chargement de :  ./Prod/Output/supp_rds/SUPP_20220220032223.RDS"
[1] "Chargement de :  ./Prod/Output/supp_rds/SUPP_20220220032233.RDS"
[1] "Chargement de :  ./Prod/Output/supp_rds/SUPP_20220220032244.RDS"
[1] "Chargement de :  ./Prod/Output/supp_rds/SUPP_20220220032255.RDS"
[1] "Chargement de :  ./Prod/Output/supp_rds/SUPP_20220220032305.RDS"
[1] "Chargement de :  ./Prod/Output/supp_rds/SUPP_20220220032316.RDS"
[1] "Chargement de :  ./Prod/Output/supp_rds/SUPP_20220220032327.RDS"
[1] "Chargement de :  ./Prod/Output/supp_rds/SUPP_20220220032339.RDS"
[1] "Chargement de :  ./Prod/Output/supp_rds/SUPP_20220220032350.RDS"
[1] "Chargement de :  ./Prod/Output/supp_rds/SUPP_20220220032400.RDS"
[1] "Chargement de :  ./Prod/Output/supp_rds/SUPP_20220220032411.RDS"
[1] "Chargement de :  ./Prod/Output/supp_rds/SUPP_20220220032422.RDS"
[1] "Chargement de :  ./Prod/Output/supp_rds/SUPP_20220220032432.RDS"
[1] "Chargement de :  ./Prod/Output/supp_rds/SUPP_20220220032443.RDS"
[1] "Chargement de :  ./Prod/Output/supp_rds/SUPP_20220220032454.RDS"
[1] "Chargement de :  ./Prod/Output/supp_rds/SUPP_20220220032504.RDS"
[1] "Chargement de :  ./Prod/Output/supp_rds/SUPP_20220220032515.RDS"
[1] "Chargement de :  ./Prod/Output/supp_rds/SUPP_20220220032525.RDS"
[1] "Chargement de :  ./Prod/Output/supp_rds/SUPP_20220220032537.RDS"
[1] "Chargement de :  ./Prod/Output/supp_rds/SUPP_20220220032548.RDS"
[1] "Chargement de :  ./Prod/Output/supp_rds/SUPP_20220220032558.RDS"
[1] "Chargement de :  ./Prod/Output/supp_rds/SUPP_20220220032608.RDS"
[1] "Chargement de :  ./Prod/Output/supp_rds/SUPP_20220220032619.RDS"
[1] "Chargement de :  ./Prod/Output/supp_rds/SUPP_20220220032629.RDS"
[1] "Chargement de :  ./Prod/Output/supp_rds/SUPP_20220220032639.RDS"
[1] "Chargement de :  ./Prod/Output/supp_rds/SUPP_20220220032649.RDS"
[1] "Chargement de :  ./Prod/Output/supp_rds/SUPP_20220220032700.RDS"
[1] "Chargement de :  ./Prod/Output/supp_rds/SUPP_20220220032710.RDS"
[1] "Chargement de :  ./Prod/Output/supp_rds/SUPP_20220220032721.RDS"
[1] "Chargement de :  ./Prod/Output/supp_rds/SUPP_20220220032732.RDS"
[1] "Chargement de :  ./Prod/Output/supp_rds/SUPP_20220220032743.RDS"
[1] "Chargement de :  ./Prod/Output/supp_rds/SUPP_20220220032753.RDS"
[1] "Chargement de :  ./Prod/Output/supp_rds/SUPP_20220220032804.RDS"
[1] "Chargement de :  ./Prod/Output/supp_rds/SUPP_20220220032815.RDS"
[1] "Chargement de :  ./Prod/Output/supp_rds/SUPP_20220220032826.RDS"
[1] "Chargement de :  ./Prod/Output/supp_rds/SUPP_20220220032836.RDS"
[1] "Chargement de :  ./Prod/Output/supp_rds/SUPP_20220220032847.RDS"
[1] "Chargement de :  ./Prod/Output/supp_rds/SUPP_20220220032858.RDS"
[1] "Chargement de :  ./Prod/Output/supp_rds/SUPP_20220220032909.RDS"
[1] "Chargement de :  ./Prod/Output/supp_rds/SUPP_20220220032920.RDS"
[1] "Chargement de :  ./Prod/Output/supp_rds/SUPP_20220220032932.RDS"
[1] "Chargement de :  ./Prod/Output/supp_rds/SUPP_20220220032944.RDS"
[1] "Chargement de :  ./Prod/Output/supp_rds/SUPP_20220220032955.RDS"
[1] "Chargement de :  ./Prod/Output/supp_rds/SUPP_20220220033006.RDS"
[1] "Chargement de :  ./Prod/Output/supp_rds/SUPP_20220220033016.RDS"
[1] "Chargement de :  ./Prod/Output/supp_rds/SUPP_20220220033027.RDS"
[1] "Chargement de :  ./Prod/Output/supp_rds/SUPP_20220220033037.RDS"
[1] "Chargement de :  ./Prod/Output/supp_rds/SUPP_20220220033047.RDS"
[1] "Chargement de :  ./Prod/Output/supp_rds/SUPP_20220220033058.RDS"
[1] "Chargement de :  ./Prod/Output/supp_rds/SUPP_20220220033108.RDS"
[1] "Chargement de :  ./Prod/Output/supp_rds/SUPP_20220220033119.RDS"
[1] "Chargement de :  ./Prod/Output/supp_rds/SUPP_20220220033129.RDS"
[1] "Chargement de :  ./Prod/Output/supp_rds/SUPP_20220220033141.RDS"
[1] "Chargement de :  ./Prod/Output/supp_rds/SUPP_20220220033155.RDS"
[1] "Chargement de :  ./Prod/Output/supp_rds/SUPP_20220220033208.RDS"
[1] "Chargement de :  ./Prod/Output/supp_rds/SUPP_20220220033222.RDS"
[1] "Chargement de :  ./Prod/Output/supp_rds/SUPP_20220220033234.RDS"
[1] "Chargement de :  ./Prod/Output/supp_rds/SUPP_20220220033246.RDS"
[1] "Chargement de :  ./Prod/Output/supp_rds/SUPP_20220220033257.RDS"
[1] "Chargement de :  ./Prod/Output/supp_rds/SUPP_20220220033308.RDS"
[1] "Chargement de :  ./Prod/Output/supp_rds/SUPP_20220220033323.RDS"
[1] "Chargement de :  ./Prod/Output/supp_rds/SUPP_20220220033339.RDS"
[1] "Chargement de :  ./Prod/Output/supp_rds/SUPP_20220220033347.RDS"
[1] "Chargement de :  ./Prod/Output/supp_rds/SUPP_20220220033359.RDS"
[1] "Chargement de :  ./Prod/Output/supp_rds/SUPP_20220220033411.RDS"
[1] "Chargement de :  ./Prod/Output/supp_rds/SUPP_20220220033424.RDS"
[1] "Chargement de :  ./Prod/Output/supp_rds/SUPP_20220220033436.RDS"
[1] "Chargement de :  ./Prod/Output/supp_rds/SUPP_20220220033449.RDS"
[1] "Chargement de :  ./Prod/Output/supp_rds/SUPP_20220220033501.RDS"
[1] "Chargement de :  ./Prod/Output/supp_rds/SUPP_20220220033513.RDS"
[1] "Chargement de :  ./Prod/Output/supp_rds/SUPP_20220220033526.RDS"
[1] "Chargement de :  ./Prod/Output/supp_rds/SUPP_20220220033537.RDS"
[1] "Chargement de :  ./Prod/Output/supp_rds/SUPP_20220220033549.RDS"
[1] "Chargement de :  ./Prod/Output/supp_rds/SUPP_20220220033601.RDS"
[1] "Chargement de :  ./Prod/Output/supp_rds/SUPP_20220220033613.RDS"
[1] "Chargement de :  ./Prod/Output/supp_rds/SUPP_20220220033625.RDS"
[1] "Chargement de :  ./Prod/Output/supp_rds/SUPP_20220220033637.RDS"
[1] "Chargement de :  ./Prod/Output/supp_rds/SUPP_20220220033649.RDS"
[1] "Chargement de :  ./Prod/Output/supp_rds/SUPP_20220220033702.RDS"
[1] "Chargement de :  ./Prod/Output/supp_rds/SUPP_20220220033714.RDS"
[1] "Chargement de :  ./Prod/Output/supp_rds/SUPP_20220220033726.RDS"
[1] "Chargement de :  ./Prod/Output/supp_rds/SUPP_20220220033738.RDS"
[1] "Chargement de :  ./Prod/Output/supp_rds/SUPP_20220220033750.RDS"
[1] "Chargement de :  ./Prod/Output/supp_rds/SUPP_20220220033802.RDS"
[1] "Chargement de :  ./Prod/Output/supp_rds/SUPP_20220220033815.RDS"
[1] "Chargement de :  ./Prod/Output/supp_rds/SUPP_20220220033828.RDS"
[1] "Chargement de :  ./Prod/Output/supp_rds/SUPP_20220220033839.RDS"
[1] "Chargement de :  ./Prod/Output/supp_rds/SUPP_20220220033852.RDS"
[1] "Chargement de :  ./Prod/Output/supp_rds/SUPP_20220220033904.RDS"
[1] "Chargement de :  ./Prod/Output/supp_rds/SUPP_20220220033916.RDS"
[1] "Chargement de :  ./Prod/Output/supp_rds/SUPP_20220220033928.RDS"
[1] "Chargement de :  ./Prod/Output/supp_rds/SUPP_20220220033940.RDS"
[1] "Chargement de :  ./Prod/Output/supp_rds/SUPP_20220220033952.RDS"
[1] "Chargement de :  ./Prod/Output/supp_rds/SUPP_20220220034004.RDS"
[1] "Chargement de :  ./Prod/Output/supp_rds/SUPP_20220220034016.RDS"
[1] "Chargement de :  ./Prod/Output/supp_rds/SUPP_20220220034028.RDS"
[1] "Chargement de :  ./Prod/Output/supp_rds/SUPP_20220220034040.RDS"
[1] "Chargement de :  ./Prod/Output/supp_rds/SUPP_20220220034052.RDS"
[1] "Chargement de :  ./Prod/Output/supp_rds/SUPP_20220220034105.RDS"
[1] "Chargement de :  ./Prod/Output/supp_rds/SUPP_20220220034117.RDS"
[1] "Chargement de :  ./Prod/Output/supp_rds/SUPP_20220220034129.RDS"
[1] "Chargement de :  ./Prod/Output/supp_rds/SUPP_20220220034141.RDS"
[1] "Chargement de :  ./Prod/Output/supp_rds/SUPP_20220220034153.RDS"
[1] "Chargement de :  ./Prod/Output/supp_rds/SUPP_20220220034205.RDS"
[1] "Chargement de :  ./Prod/Output/supp_rds/SUPP_20220220034216.RDS"
[1] "Chargement de :  ./Prod/Output/supp_rds/SUPP_20220220034228.RDS"
[1] "Chargement de :  ./Prod/Output/supp_rds/SUPP_20220220034240.RDS"
[1] "Chargement de :  ./Prod/Output/supp_rds/SUPP_20220220034252.RDS"
[1] "Chargement de :  ./Prod/Output/supp_rds/SUPP_20220220034304.RDS"
[1] "Chargement de :  ./Prod/Output/supp_rds/SUPP_20220220034316.RDS"
[1] "Chargement de :  ./Prod/Output/supp_rds/SUPP_20220220034328.RDS"
[1] "Chargement de :  ./Prod/Output/supp_rds/SUPP_20220220034340.RDS"
[1] "Chargement de :  ./Prod/Output/supp_rds/SUPP_20220220034353.RDS"
[1] "Chargement de :  ./Prod/Output/supp_rds/SUPP_20220220034405.RDS"
[1] "Chargement de :  ./Prod/Output/supp_rds/SUPP_20220220034417.RDS"
[1] "Chargement de :  ./Prod/Output/supp_rds/SUPP_20220220034429.RDS"
[1] "Chargement de :  ./Prod/Output/supp_rds/SUPP_20220220034442.RDS"
[1] "Chargement de :  ./Prod/Output/supp_rds/SUPP_20220220034455.RDS"
[1] "Chargement de :  ./Prod/Output/supp_rds/SUPP_20220220034508.RDS"
[1] "Chargement de :  ./Prod/Output/supp_rds/SUPP_20220220034521.RDS"
[1] "Chargement de :  ./Prod/Output/supp_rds/SUPP_20220220034534.RDS"
[1] "Chargement de :  ./Prod/Output/supp_rds/SUPP_20220220034546.RDS"
[1] "Chargement de :  ./Prod/Output/supp_rds/SUPP_20220220034600.RDS"
[1] "Chargement de :  ./Prod/Output/supp_rds/SUPP_20220220034613.RDS"
[1] "Chargement de :  ./Prod/Output/supp_rds/SUPP_20220220034626.RDS"
[1] "Chargement de :  ./Prod/Output/supp_rds/SUPP_20220220034638.RDS"
[1] "Chargement de :  ./Prod/Output/supp_rds/SUPP_20220220034650.RDS"
[1] "Chargement de :  ./Prod/Output/supp_rds/SUPP_20220220034703.RDS"
[1] "Chargement de :  ./Prod/Output/supp_rds/SUPP_20220220034715.RDS"
[1] "Chargement de :  ./Prod/Output/supp_rds/SUPP_20220220034728.RDS"
[1] "Chargement de :  ./Prod/Output/supp_rds/SUPP_20220220034740.RDS"
[1] "Chargement de :  ./Prod/Output/supp_rds/SUPP_20220220034752.RDS"
[1] "Chargement de :  ./Prod/Output/supp_rds/SUPP_20220220034804.RDS"
[1] "Chargement de :  ./Prod/Output/supp_rds/SUPP_20220220034818.RDS"
[1] "Chargement de :  ./Prod/Output/supp_rds/SUPP_20220220034831.RDS"
[1] "Chargement de :  ./Prod/Output/supp_rds/SUPP_20220220034844.RDS"
[1] "Chargement de :  ./Prod/Output/supp_rds/SUPP_20220220034857.RDS"
[1] "Fin de la partie remontee des donnees supp :2022-02-20 04:15:26"
