[1] "Lancement de la partie remontee des donnees pubmed :2022-02-20 01:55:32"
[1] "Initialisation du schema :2022-02-20 01:55:32"
[1] "Initialisation des tables :2022-02-20 01:55:32"
[1] "Separation des donneees et remontee sous PostGre:2022-02-20 01:55:33"
[1] "Chargement de :  ./Prod/Output/pubmed_rds/lot_20220219224433.RDS"
[1] "Chargement de :  ./Prod/Output/pubmed_rds/lot_20220219224523.RDS"
[1] "Chargement de :  ./Prod/Output/pubmed_rds/lot_20220219224608.RDS"
[1] "Chargement de :  ./Prod/Output/pubmed_rds/lot_20220219224654.RDS"
[1] "Chargement de :  ./Prod/Output/pubmed_rds/lot_20220219224740.RDS"
[1] "Chargement de :  ./Prod/Output/pubmed_rds/lot_20220219224831.RDS"
[1] "Chargement de :  ./Prod/Output/pubmed_rds/lot_20220219224920.RDS"
[1] "Chargement de :  ./Prod/Output/pubmed_rds/lot_20220219225015.RDS"
[1] "Chargement de :  ./Prod/Output/pubmed_rds/lot_20220219225107.RDS"
[1] "Chargement de :  ./Prod/Output/pubmed_rds/lot_20220219225155.RDS"
[1] "Chargement de :  ./Prod/Output/pubmed_rds/lot_20220219225250.RDS"
[1] "Chargement de :  ./Prod/Output/pubmed_rds/lot_20220219225341.RDS"
[1] "Chargement de :  ./Prod/Output/pubmed_rds/lot_20220219225429.RDS"
[1] "Chargement de :  ./Prod/Output/pubmed_rds/lot_20220219225518.RDS"
[1] "Chargement de :  ./Prod/Output/pubmed_rds/lot_20220219225607.RDS"
[1] "Chargement de :  ./Prod/Output/pubmed_rds/lot_20220219225702.RDS"
[1] "Chargement de :  ./Prod/Output/pubmed_rds/lot_20220219225751.RDS"
[1] "Chargement de :  ./Prod/Output/pubmed_rds/lot_20220219225839.RDS"
[1] "Chargement de :  ./Prod/Output/pubmed_rds/lot_20220219225928.RDS"
[1] "Chargement de :  ./Prod/Output/pubmed_rds/lot_20220219230015.RDS"
[1] "Chargement de :  ./Prod/Output/pubmed_rds/lot_20220219230105.RDS"
[1] "Chargement de :  ./Prod/Output/pubmed_rds/lot_20220219230151.RDS"
[1] "Chargement de :  ./Prod/Output/pubmed_rds/lot_20220219230247.RDS"
[1] "Chargement de :  ./Prod/Output/pubmed_rds/lot_20220219230341.RDS"
[1] "Chargement de :  ./Prod/Output/pubmed_rds/lot_20220219230427.RDS"
[1] "Chargement de :  ./Prod/Output/pubmed_rds/lot_20220219230514.RDS"
[1] "Chargement de :  ./Prod/Output/pubmed_rds/lot_20220219230603.RDS"
[1] "Chargement de :  ./Prod/Output/pubmed_rds/lot_20220219230652.RDS"
[1] "Chargement de :  ./Prod/Output/pubmed_rds/lot_20220219230740.RDS"
[1] "Chargement de :  ./Prod/Output/pubmed_rds/lot_20220219230831.RDS"
[1] "Chargement de :  ./Prod/Output/pubmed_rds/lot_20220219230920.RDS"
[1] "Chargement de :  ./Prod/Output/pubmed_rds/lot_20220219231013.RDS"
[1] "Chargement de :  ./Prod/Output/pubmed_rds/lot_20220219231104.RDS"
[1] "Chargement de :  ./Prod/Output/pubmed_rds/lot_20220219231152.RDS"
[1] "Chargement de :  ./Prod/Output/pubmed_rds/lot_20220219231242.RDS"
[1] "Chargement de :  ./Prod/Output/pubmed_rds/lot_20220219231330.RDS"
[1] "Chargement de :  ./Prod/Output/pubmed_rds/lot_20220219231421.RDS"
[1] "Chargement de :  ./Prod/Output/pubmed_rds/lot_20220219231510.RDS"
[1] "Chargement de :  ./Prod/Output/pubmed_rds/lot_20220219231602.RDS"
[1] "Chargement de :  ./Prod/Output/pubmed_rds/lot_20220219231650.RDS"
[1] "Chargement de :  ./Prod/Output/pubmed_rds/lot_20220219231740.RDS"
[1] "Chargement de :  ./Prod/Output/pubmed_rds/lot_20220219231829.RDS"
[1] "Chargement de :  ./Prod/Output/pubmed_rds/lot_20220219231920.RDS"
[1] "Chargement de :  ./Prod/Output/pubmed_rds/lot_20220219232007.RDS"
[1] "Chargement de :  ./Prod/Output/pubmed_rds/lot_20220219232053.RDS"
[1] "Chargement de :  ./Prod/Output/pubmed_rds/lot_20220219232141.RDS"
[1] "Chargement de :  ./Prod/Output/pubmed_rds/lot_20220219232230.RDS"
[1] "Chargement de :  ./Prod/Output/pubmed_rds/lot_20220219232316.RDS"
[1] "Chargement de :  ./Prod/Output/pubmed_rds/lot_20220219232407.RDS"
[1] "Chargement de :  ./Prod/Output/pubmed_rds/lot_20220219232454.RDS"
[1] "Chargement de :  ./Prod/Output/pubmed_rds/lot_20220219232541.RDS"
[1] "Chargement de :  ./Prod/Output/pubmed_rds/lot_20220219232627.RDS"
[1] "Chargement de :  ./Prod/Output/pubmed_rds/lot_20220219232716.RDS"
[1] "Chargement de :  ./Prod/Output/pubmed_rds/lot_20220219232800.RDS"
[1] "Chargement de :  ./Prod/Output/pubmed_rds/lot_20220219232846.RDS"
[1] "Chargement de :  ./Prod/Output/pubmed_rds/lot_20220219232931.RDS"
[1] "Chargement de :  ./Prod/Output/pubmed_rds/lot_20220219233020.RDS"
[1] "Chargement de :  ./Prod/Output/pubmed_rds/lot_20220219233114.RDS"
[1] "Chargement de :  ./Prod/Output/pubmed_rds/lot_20220219233203.RDS"
[1] "Chargement de :  ./Prod/Output/pubmed_rds/lot_20220219233250.RDS"
[1] "Chargement de :  ./Prod/Output/pubmed_rds/lot_20220219233339.RDS"
[1] "Chargement de :  ./Prod/Output/pubmed_rds/lot_20220219233429.RDS"
[1] "Chargement de :  ./Prod/Output/pubmed_rds/lot_20220219233515.RDS"
[1] "Chargement de :  ./Prod/Output/pubmed_rds/lot_20220219233605.RDS"
[1] "Chargement de :  ./Prod/Output/pubmed_rds/lot_20220219233651.RDS"
[1] "Chargement de :  ./Prod/Output/pubmed_rds/lot_20220219233738.RDS"
[1] "Chargement de :  ./Prod/Output/pubmed_rds/lot_20220219233827.RDS"
[1] "Chargement de :  ./Prod/Output/pubmed_rds/lot_20220219233914.RDS"
[1] "Chargement de :  ./Prod/Output/pubmed_rds/lot_20220219234002.RDS"
[1] "Chargement de :  ./Prod/Output/pubmed_rds/lot_20220219234053.RDS"
[1] "Chargement de :  ./Prod/Output/pubmed_rds/lot_20220219234144.RDS"
[1] "Chargement de :  ./Prod/Output/pubmed_rds/lot_20220219234231.RDS"
[1] "Chargement de :  ./Prod/Output/pubmed_rds/lot_20220219234319.RDS"
[1] "Chargement de :  ./Prod/Output/pubmed_rds/lot_20220219234408.RDS"
[1] "Chargement de :  ./Prod/Output/pubmed_rds/lot_20220219234455.RDS"
[1] "Chargement de :  ./Prod/Output/pubmed_rds/lot_20220219234540.RDS"
[1] "Chargement de :  ./Prod/Output/pubmed_rds/lot_20220219234632.RDS"
[1] "Chargement de :  ./Prod/Output/pubmed_rds/lot_20220219234720.RDS"
[1] "Chargement de :  ./Prod/Output/pubmed_rds/lot_20220219234807.RDS"
[1] "Chargement de :  ./Prod/Output/pubmed_rds/lot_20220219234854.RDS"
[1] "Chargement de :  ./Prod/Output/pubmed_rds/lot_20220219234944.RDS"
[1] "Chargement de :  ./Prod/Output/pubmed_rds/lot_20220219235031.RDS"
[1] "Chargement de :  ./Prod/Output/pubmed_rds/lot_20220219235119.RDS"
[1] "Chargement de :  ./Prod/Output/pubmed_rds/lot_20220219235207.RDS"
[1] "Chargement de :  ./Prod/Output/pubmed_rds/lot_20220219235254.RDS"
[1] "Chargement de :  ./Prod/Output/pubmed_rds/lot_20220219235341.RDS"
[1] "Chargement de :  ./Prod/Output/pubmed_rds/lot_20220219235427.RDS"
[1] "Chargement de :  ./Prod/Output/pubmed_rds/lot_20220219235516.RDS"
[1] "Chargement de :  ./Prod/Output/pubmed_rds/lot_20220219235602.RDS"
[1] "Chargement de :  ./Prod/Output/pubmed_rds/lot_20220219235652.RDS"
[1] "Chargement de :  ./Prod/Output/pubmed_rds/lot_20220219235742.RDS"
[1] "Chargement de :  ./Prod/Output/pubmed_rds/lot_20220219235830.RDS"
[1] "Chargement de :  ./Prod/Output/pubmed_rds/lot_20220219235918.RDS"
[1] "Chargement de :  ./Prod/Output/pubmed_rds/lot_20220220000011.RDS"
[1] "Chargement de :  ./Prod/Output/pubmed_rds/lot_20220220000101.RDS"
[1] "Chargement de :  ./Prod/Output/pubmed_rds/lot_20220220000146.RDS"
[1] "Chargement de :  ./Prod/Output/pubmed_rds/lot_20220220000232.RDS"
[1] "Chargement de :  ./Prod/Output/pubmed_rds/lot_20220220000317.RDS"
[1] "Chargement de :  ./Prod/Output/pubmed_rds/lot_20220220000403.RDS"
[1] "Chargement de :  ./Prod/Output/pubmed_rds/lot_20220220000453.RDS"
[1] "Chargement de :  ./Prod/Output/pubmed_rds/lot_20220220000542.RDS"
[1] "Chargement de :  ./Prod/Output/pubmed_rds/lot_20220220000628.RDS"
[1] "Chargement de :  ./Prod/Output/pubmed_rds/lot_20220220000717.RDS"
[1] "Chargement de :  ./Prod/Output/pubmed_rds/lot_20220220000803.RDS"
[1] "Chargement de :  ./Prod/Output/pubmed_rds/lot_20220220000850.RDS"
[1] "Chargement de :  ./Prod/Output/pubmed_rds/lot_20220220000938.RDS"
[1] "Chargement de :  ./Prod/Output/pubmed_rds/lot_20220220001026.RDS"
[1] "Chargement de :  ./Prod/Output/pubmed_rds/lot_20220220001113.RDS"
[1] "Chargement de :  ./Prod/Output/pubmed_rds/lot_20220220001201.RDS"
[1] "Chargement de :  ./Prod/Output/pubmed_rds/lot_20220220001249.RDS"
[1] "Chargement de :  ./Prod/Output/pubmed_rds/lot_20220220001336.RDS"
[1] "Chargement de :  ./Prod/Output/pubmed_rds/lot_20220220001425.RDS"
[1] "Chargement de :  ./Prod/Output/pubmed_rds/lot_20220220001511.RDS"
[1] "Chargement de :  ./Prod/Output/pubmed_rds/lot_20220220001558.RDS"
[1] "Chargement de :  ./Prod/Output/pubmed_rds/lot_20220220001650.RDS"
[1] "Chargement de :  ./Prod/Output/pubmed_rds/lot_20220220001746.RDS"
[1] "Chargement de :  ./Prod/Output/pubmed_rds/lot_20220220001830.RDS"
[1] "Chargement de :  ./Prod/Output/pubmed_rds/lot_20220220001917.RDS"
[1] "Chargement de :  ./Prod/Output/pubmed_rds/lot_20220220002013.RDS"
[1] "Chargement de :  ./Prod/Output/pubmed_rds/lot_20220220002103.RDS"
[1] "Chargement de :  ./Prod/Output/pubmed_rds/lot_20220220002149.RDS"
[1] "Chargement de :  ./Prod/Output/pubmed_rds/lot_20220220003035.RDS"
[1] "Chargement de :  ./Prod/Output/pubmed_rds/lot_20220220003123.RDS"
[1] "Chargement de :  ./Prod/Output/pubmed_rds/lot_20220220003214.RDS"
[1] "Chargement de :  ./Prod/Output/pubmed_rds/lot_20220220003302.RDS"
[1] "Chargement de :  ./Prod/Output/pubmed_rds/lot_20220220003350.RDS"
[1] "Chargement de :  ./Prod/Output/pubmed_rds/lot_20220220003436.RDS"
[1] "Chargement de :  ./Prod/Output/pubmed_rds/lot_20220220003524.RDS"
[1] "Chargement de :  ./Prod/Output/pubmed_rds/lot_20220220003608.RDS"
[1] "Chargement de :  ./Prod/Output/pubmed_rds/lot_20220220003654.RDS"
[1] "Chargement de :  ./Prod/Output/pubmed_rds/lot_20220220003738.RDS"
[1] "Chargement de :  ./Prod/Output/pubmed_rds/lot_20220220003824.RDS"
[1] "Chargement de :  ./Prod/Output/pubmed_rds/lot_20220220003909.RDS"
[1] "Chargement de :  ./Prod/Output/pubmed_rds/lot_20220220003954.RDS"
[1] "Chargement de :  ./Prod/Output/pubmed_rds/lot_20220220004040.RDS"
[1] "Chargement de :  ./Prod/Output/pubmed_rds/lot_20220220004126.RDS"
[1] "Chargement de :  ./Prod/Output/pubmed_rds/lot_20220220004215.RDS"
[1] "Chargement de :  ./Prod/Output/pubmed_rds/lot_20220220004303.RDS"
[1] "Chargement de :  ./Prod/Output/pubmed_rds/lot_20220220004347.RDS"
[1] "Chargement de :  ./Prod/Output/pubmed_rds/lot_20220220004437.RDS"
[1] "Chargement de :  ./Prod/Output/pubmed_rds/lot_20220220004526.RDS"
[1] "Chargement de :  ./Prod/Output/pubmed_rds/lot_20220220004614.RDS"
[1] "Chargement de :  ./Prod/Output/pubmed_rds/lot_20220220004701.RDS"
[1] "Chargement de :  ./Prod/Output/pubmed_rds/lot_20220220004746.RDS"
[1] "Chargement de :  ./Prod/Output/pubmed_rds/lot_20220220004836.RDS"
[1] "Chargement de :  ./Prod/Output/pubmed_rds/lot_20220220004923.RDS"
[1] "Chargement de :  ./Prod/Output/pubmed_rds/lot_20220220005012.RDS"
[1] "Chargement de :  ./Prod/Output/pubmed_rds/lot_20220220005057.RDS"
[1] "Chargement de :  ./Prod/Output/pubmed_rds/lot_20220220005144.RDS"
[1] "Chargement de :  ./Prod/Output/pubmed_rds/lot_20220220005232.RDS"
[1] "Chargement de :  ./Prod/Output/pubmed_rds/lot_20220220005318.RDS"
[1] "Chargement de :  ./Prod/Output/pubmed_rds/lot_20220220005406.RDS"
[1] "Chargement de :  ./Prod/Output/pubmed_rds/lot_20220220005455.RDS"
[1] "Chargement de :  ./Prod/Output/pubmed_rds/lot_20220220005547.RDS"
[1] "Chargement de :  ./Prod/Output/pubmed_rds/lot_20220220005634.RDS"
[1] "Chargement de :  ./Prod/Output/pubmed_rds/lot_20220220005723.RDS"
[1] "Chargement de :  ./Prod/Output/pubmed_rds/lot_20220220005809.RDS"
[1] "Chargement de :  ./Prod/Output/pubmed_rds/lot_20220220005858.RDS"
[1] "Chargement de :  ./Prod/Output/pubmed_rds/lot_20220220005953.RDS"
[1] "Chargement de :  ./Prod/Output/pubmed_rds/lot_20220220010040.RDS"
[1] "Chargement de :  ./Prod/Output/pubmed_rds/lot_20220220010126.RDS"
[1] "Chargement de :  ./Prod/Output/pubmed_rds/lot_20220220010213.RDS"
[1] "Chargement de :  ./Prod/Output/pubmed_rds/lot_20220220010301.RDS"
[1] "Chargement de :  ./Prod/Output/pubmed_rds/lot_20220220010348.RDS"
[1] "Chargement de :  ./Prod/Output/pubmed_rds/lot_20220220010433.RDS"
[1] "Chargement de :  ./Prod/Output/pubmed_rds/lot_20220220010524.RDS"
[1] "Chargement de :  ./Prod/Output/pubmed_rds/lot_20220220010610.RDS"
[1] "Chargement de :  ./Prod/Output/pubmed_rds/lot_20220220010656.RDS"
[1] "Chargement de :  ./Prod/Output/pubmed_rds/lot_20220220010742.RDS"
[1] "Chargement de :  ./Prod/Output/pubmed_rds/lot_20220220010830.RDS"
[1] "Chargement de :  ./Prod/Output/pubmed_rds/lot_20220220010917.RDS"
[1] "Chargement de :  ./Prod/Output/pubmed_rds/lot_20220220011005.RDS"
[1] "Chargement de :  ./Prod/Output/pubmed_rds/lot_20220220011056.RDS"
[1] "Chargement de :  ./Prod/Output/pubmed_rds/lot_20220220011141.RDS"
[1] "Chargement de :  ./Prod/Output/pubmed_rds/lot_20220220011230.RDS"
[1] "Chargement de :  ./Prod/Output/pubmed_rds/lot_20220220011312.RDS"
[1] "Chargement de :  ./Prod/Output/pubmed_rds/lot_20220220011357.RDS"
[1] "Chargement de :  ./Prod/Output/pubmed_rds/lot_20220220011447.RDS"
[1] "Chargement de :  ./Prod/Output/pubmed_rds/lot_20220220011531.RDS"
[1] "Chargement de :  ./Prod/Output/pubmed_rds/lot_20220220011616.RDS"
[1] "Chargement de :  ./Prod/Output/pubmed_rds/lot_20220220011706.RDS"
[1] "Chargement de :  ./Prod/Output/pubmed_rds/lot_20220220011750.RDS"
[1] "Chargement de :  ./Prod/Output/pubmed_rds/lot_20220220011835.RDS"
[1] "Chargement de :  ./Prod/Output/pubmed_rds/lot_20220220011920.RDS"
[1] "Chargement de :  ./Prod/Output/pubmed_rds/lot_20220220012005.RDS"
[1] "Chargement de :  ./Prod/Output/pubmed_rds/lot_20220220012049.RDS"
[1] "Chargement de :  ./Prod/Output/pubmed_rds/lot_20220220012134.RDS"
[1] "Chargement de :  ./Prod/Output/pubmed_rds/lot_20220220012219.RDS"
[1] "Chargement de :  ./Prod/Output/pubmed_rds/lot_20220220012304.RDS"
[1] "Chargement de :  ./Prod/Output/pubmed_rds/lot_20220220012348.RDS"
[1] "Chargement de :  ./Prod/Output/pubmed_rds/lot_20220220012437.RDS"
[1] "Chargement de :  ./Prod/Output/pubmed_rds/lot_20220220012521.RDS"
[1] "Chargement de :  ./Prod/Output/pubmed_rds/lot_20220220012606.RDS"
[1] "Chargement de :  ./Prod/Output/pubmed_rds/lot_20220220012652.RDS"
[1] "Chargement de :  ./Prod/Output/pubmed_rds/lot_20220220012742.RDS"
[1] "Chargement de :  ./Prod/Output/pubmed_rds/lot_20220220012830.RDS"
[1] "Chargement de :  ./Prod/Output/pubmed_rds/lot_20220220012916.RDS"
[1] "Chargement de :  ./Prod/Output/pubmed_rds/lot_20220220013006.RDS"
[1] "Chargement de :  ./Prod/Output/pubmed_rds/lot_20220220013051.RDS"
[1] "Chargement de :  ./Prod/Output/pubmed_rds/lot_20220220013137.RDS"
[1] "Chargement de :  ./Prod/Output/pubmed_rds/lot_20220220013226.RDS"
[1] "Chargement de :  ./Prod/Output/pubmed_rds/lot_20220220013313.RDS"
[1] "Chargement de :  ./Prod/Output/pubmed_rds/lot_20220220013401.RDS"
[1] "Chargement de :  ./Prod/Output/pubmed_rds/lot_20220220013448.RDS"
[1] "Chargement de :  ./Prod/Output/pubmed_rds/lot_20220220013536.RDS"
[1] "Chargement de :  ./Prod/Output/pubmed_rds/lot_20220220013627.RDS"
[1] "Chargement de :  ./Prod/Output/pubmed_rds/lot_20220220013714.RDS"
[1] "Chargement de :  ./Prod/Output/pubmed_rds/lot_20220220013801.RDS"
[1] "Chargement de :  ./Prod/Output/pubmed_rds/lot_20220220013846.RDS"
[1] "Chargement de :  ./Prod/Output/pubmed_rds/lot_20220220013932.RDS"
[1] "Chargement de :  ./Prod/Output/pubmed_rds/lot_20220220014018.RDS"
[1] "Chargement de :  ./Prod/Output/pubmed_rds/lot_20220220014105.RDS"
[1] "Chargement de :  ./Prod/Output/pubmed_rds/lot_20220220014151.RDS"
[1] "Chargement de :  ./Prod/Output/pubmed_rds/lot_20220220014237.RDS"
[1] "Chargement de :  ./Prod/Output/pubmed_rds/lot_20220220014323.RDS"
[1] "Chargement de :  ./Prod/Output/pubmed_rds/lot_20220220014410.RDS"
[1] "Chargement de :  ./Prod/Output/pubmed_rds/lot_20220220014456.RDS"
[1] "Chargement de :  ./Prod/Output/pubmed_rds/lot_20220220014543.RDS"
[1] "Chargement de :  ./Prod/Output/pubmed_rds/lot_20220220014639.RDS"
[1] "Chargement de :  ./Prod/Output/pubmed_rds/lot_20220220014724.RDS"
[1] "Chargement de :  ./Prod/Output/pubmed_rds/lot_20220220014815.RDS"
[1] "Chargement de :  ./Prod/Output/pubmed_rds/lot_20220220014902.RDS"
[1] "Chargement de :  ./Prod/Output/pubmed_rds/lot_20220220015000.RDS"
[1] "Chargement de :  ./Prod/Output/pubmed_rds/lot_20220220015047.RDS"
[1] "Chargement de :  ./Prod/Output/pubmed_rds/lot_20220220015139.RDS"
[1] "Chargement de :  ./Prod/Output/pubmed_rds/lot_20220220015219.RDS"
[1] "Chargement de :  ./Prod/Output/pubmed_rds/lot_20220220015256.RDS"
[1] "Chargement de :  ./Prod/Output/pubmed_rds/lot_20220220015331.RDS"
[1] "Fin de la partie remontee des donnees pubmed :2022-02-20 02:19:25"
