[1] "Lancement de la partie remontee des donnees desc :2022-02-20 02:39:01"
[1] "Initialisation du schema :2022-02-20 02:39:01"
[1] "Initialisation des tables :2022-02-20 02:39:01"
[1] "Separation des donneees et remontee sous PostGre:2022-02-20 02:39:01"
[1] "Chargement de :  ./Prod/Output/desc_rds/DESC_20220220022016.RDS"
[1] "Chargement de :  ./Prod/Output/desc_rds/DESC_20220220022053.RDS"
[1] "Chargement de :  ./Prod/Output/desc_rds/DESC_20220220022132.RDS"
[1] "Chargement de :  ./Prod/Output/desc_rds/DESC_20220220022211.RDS"
[1] "Chargement de :  ./Prod/Output/desc_rds/DESC_20220220022249.RDS"
[1] "Chargement de :  ./Prod/Output/desc_rds/DESC_20220220022327.RDS"
[1] "Chargement de :  ./Prod/Output/desc_rds/DESC_20220220022404.RDS"
[1] "Chargement de :  ./Prod/Output/desc_rds/DESC_20220220022440.RDS"
[1] "Chargement de :  ./Prod/Output/desc_rds/DESC_20220220022520.RDS"
[1] "Chargement de :  ./Prod/Output/desc_rds/DESC_20220220022601.RDS"
[1] "Chargement de :  ./Prod/Output/desc_rds/DESC_20220220022639.RDS"
[1] "Chargement de :  ./Prod/Output/desc_rds/DESC_20220220022716.RDS"
[1] "Chargement de :  ./Prod/Output/desc_rds/DESC_20220220022757.RDS"
[1] "Chargement de :  ./Prod/Output/desc_rds/DESC_20220220022832.RDS"
[1] "Chargement de :  ./Prod/Output/desc_rds/DESC_20220220022914.RDS"
[1] "Chargement de :  ./Prod/Output/desc_rds/DESC_20220220022953.RDS"
[1] "Chargement de :  ./Prod/Output/desc_rds/DESC_20220220023027.RDS"
[1] "Chargement de :  ./Prod/Output/desc_rds/DESC_20220220023103.RDS"
[1] "Chargement de :  ./Prod/Output/desc_rds/DESC_20220220023140.RDS"
[1] "Chargement de :  ./Prod/Output/desc_rds/DESC_20220220023221.RDS"
[1] "Chargement de :  ./Prod/Output/desc_rds/DESC_20220220023258.RDS"
[1] "Chargement de :  ./Prod/Output/desc_rds/DESC_20220220023332.RDS"
[1] "Chargement de :  ./Prod/Output/desc_rds/DESC_20220220023407.RDS"
[1] "Chargement de :  ./Prod/Output/desc_rds/DESC_20220220023443.RDS"
[1] "Chargement de :  ./Prod/Output/desc_rds/DESC_20220220023450.RDS"
[1] "Chargement de :  ./Prod/Output/desc_rds/DESC_20220220023530.RDS"
[1] "Chargement de :  ./Prod/Output/desc_rds/DESC_20220220023607.RDS"
[1] "Chargement de :  ./Prod/Output/desc_rds/DESC_20220220023645.RDS"
[1] "Chargement de :  ./Prod/Output/desc_rds/DESC_20220220023724.RDS"
[1] "Chargement de :  ./Prod/Output/desc_rds/DESC_20220220023803.RDS"
[1] "Chargement de :  ./Prod/Output/desc_rds/DESC_20220220023842.RDS"
[1] "Fin de la partie remontee des donnees desc :2022-02-20 02:42:09"
