[1] "Lancement de la suppression des publications qui ne sont charges plusieurs fois: 2022-02-13 21:09:45"
Error in suivi_id_fetch$recherche_id %in% liste_doublons$recherche_id : 
  object 'liste_doublons' not found
R version 4.0.2 (2020-06-22)
Platform: x86_64-w64-mingw32/x64 (64-bit)
Running under: Windows 10 x64 (build 19041)

Matrix products: default

locale:
[1] LC_COLLATE=French_France.1252  LC_CTYPE=French_France.1252    LC_MONETARY=French_France.1252 LC_NUMERIC=C                  
[5] LC_TIME=French_France.1252    
system code page: 65001

attached base packages:
[1] stats     graphics  grDevices utils     datasets  methods   base     

other attached packages:
 [1] RPostgreSQL_0.7-3 DBI_1.1.2         odbc_1.3.3        lubridate_1.8.0   stringr_1.4.0     tidyr_1.1.4       dplyr_1.0.7      
 [8] data.table_1.14.2 xml2_1.3.3        XML_3.99-0.8      rentrez_1.2.3    

loaded via a namespace (and not attached):
 [1] Rcpp_1.0.8       pillar_1.6.5     compiler_4.0.2   tools_4.0.2      bit_4.0.4        jsonlite_1.7.3   lifecycle_1.0.1 
 [8] tibble_3.1.6     pkgconfig_2.0.3  rlang_0.4.12     curl_4.3.2       httr_1.4.2       generics_0.1.1   vctrs_0.3.8     
[15] hms_1.1.1        bit64_4.0.5      tidyselect_1.1.1 glue_1.6.0       R6_2.5.1         fansi_1.0.2      purrr_0.3.4     
[22] blob_1.2.2       magrittr_2.0.1   ellipsis_0.3.2   assertthat_0.2.1 utf8_1.2.2       stringi_1.7.6    crayon_1.4.2    
