[1] "Lancement Traitements_fichiers_XML_DESC"
[1] "Heure lancement: "
[1] "2022-02-13 22:07:17"
[1] "Suppression des fichiers dans le rÈpertoire :  ./Prod/Input/XML_Desc_Splitted/"
[1] "Suppression des fichiers dans le rÈpertoire :  ./Prod/Output/desc_rds/"
[1] "Suppression du fichier de suivi :  suivi_desc.csv"
[1] "CrÈation des fichiers xml splittÈs"
[1] "Lecture des donn√©es"
[1] "Calcul de la balise header et de la balise footer"
[1] "G√©n√©ration des paires"
[1] "31 fichiers √† g√©n√©rer"
[1] "Split des donn√©es et √©criture dans un .xml sp√©cifique"
[1] "Fichier : 1"
[1] "Fichier : 2"
[1] "Fichier : 3"
[1] "Fichier : 4"
[1] "Fichier : 5"
[1] "Fichier : 6"
[1] "Fichier : 7"
[1] "Fichier : 8"
[1] "Fichier : 9"
[1] "Fichier : 10"
[1] "Fichier : 11"
[1] "Fichier : 12"
[1] "Fichier : 13"
[1] "Fichier : 14"
[1] "Fichier : 15"
[1] "Fichier : 16"
[1] "Fichier : 17"
[1] "Fichier : 18"
[1] "Fichier : 19"
[1] "Fichier : 20"
[1] "Fichier : 21"
[1] "Fichier : 22"
[1] "Fichier : 23"
[1] "Fichier : 24"
[1] "Fichier : 25"
[1] "Fichier : 26"
[1] "Fichier : 27"
[1] "Fichier : 28"
[1] "Fichier : 29"
[1] "Fichier : 30"
[1] "Fichier : 31"
[1] "Traitement de : split_part_1.xml"
[1] "Traitement de : split_part_10.xml"
[1] "Traitement de : split_part_11.xml"
[1] "Traitement de : split_part_12.xml"
[1] "Traitement de : split_part_13.xml"
[1] "Traitement de : split_part_14.xml"
[1] "Traitement de : split_part_15.xml"
Error in structure(list(node = node, doc = doc), class = "xml_node") : 
  cannot have attributes on a CHARSXP
In addition: Warning message:
In write.table(dt, fullname_file, sep = ";", append = TRUE, fileEncoding = "utf-8",  :
  appending column names to file
R version 4.0.2 (2020-06-22)
Platform: x86_64-w64-mingw32/x64 (64-bit)
Running under: Windows 10 x64 (build 19041)

Matrix products: default

locale:
[1] LC_COLLATE=French_France.1252  LC_CTYPE=French_France.1252    LC_MONETARY=French_France.1252 LC_NUMERIC=C                  
[5] LC_TIME=French_France.1252    
system code page: 65001

attached base packages:
[1] stats     graphics  grDevices utils     datasets  methods   base     

other attached packages:
 [1] RPostgreSQL_0.7-3 DBI_1.1.2         odbc_1.3.3        lubridate_1.8.0   stringr_1.4.0     tidyr_1.1.4       dplyr_1.0.7      
 [8] data.table_1.14.2 xml2_1.3.3        XML_3.99-0.8      rentrez_1.2.3    

loaded via a namespace (and not attached):
 [1] Rcpp_1.0.8       pillar_1.6.5     compiler_4.0.2   tools_4.0.2      bit_4.0.4        jsonlite_1.7.3   lifecycle_1.0.1 
 [8] tibble_3.1.6     pkgconfig_2.0.3  rlang_0.4.12     curl_4.3.2       httr_1.4.2       generics_0.1.1   vctrs_0.3.8     
[15] hms_1.1.1        bit64_4.0.5      tidyselect_1.1.1 glue_1.6.0       R6_2.5.1         fansi_1.0.2      purrr_0.3.4     
[22] blob_1.2.2       magrittr_2.0.1   ellipsis_0.3.2   assertthat_0.2.1 utf8_1.2.2       stringi_1.7.6    crayon_1.4.2    
