[1] "Lancement de l'intégration des données de publications: 2022-02-13 13:07:58"
[1] "Suppression des fichiers dans le répertoire :  ./Prod/Output/pubmed_rds/"
[1] "1 - Recherche des publications pubmed : 112930 publications"
[1] "1 - Publications totales pubmed à charger : 112930 publications"
[1] "2 - Telechargement des publications : "

Total ID :  112930 

Total ID fetch:  499 
499 sequences downloaded
Total ID :  112930 

Total ID fetch:  499 
998 sequences downloaded
Total ID :  112930 

Total ID fetch:  499 
1497 sequences downloaded
Total ID :  112930 

Total ID fetch:  499 
1996 sequences downloaded
Total ID :  112930 

Total ID fetch:  499 
2495 sequences downloaded
Total ID :  112930 

Total ID fetch:  499 
2994 sequences downloaded
Total ID :  112930 

Total ID fetch:  499 
3493 sequences downloaded
Total ID :  112930 

Total ID fetch:  499 
3992 sequences downloaded
Total ID :  112930 

Total ID fetch:  499 
4491 sequences downloaded
Total ID :  112930 

Total ID fetch:  499 
4990 sequences downloaded
Total ID :  112930 

Total ID fetch:  499 
5489 sequences downloaded
Total ID :  112930 

Total ID fetch:  499 
5988 sequences downloaded
Total ID :  112930 

Total ID fetch:  499 
6487 sequences downloaded
Total ID :  112930 

Total ID fetch:  499 
6986 sequences downloadedError in read_xml.raw(charToRaw(enc2utf8(x)), "UTF-8", ..., as_html = as_html,  : 
  internal error: Huge input lookup [1]
In addition: Warning message:
In write.table(dt, fullname_file, sep = ";", append = TRUE, fileEncoding = "utf-8",  :
  appending column names to file
