[1] "Lancement de l'int√©gration des donn√©es de publications: 2022-02-13 14:12:07"
[1] "1 - Recherche des publications pubmed : 106443 publications"
[1] "1 - Publications totales pubmed √† charger : 112930 publications"
[1] "2 - Telechargement des publications : "

Total ID :  112930 

Total ID fetch:  499 
499 sequences downloaded
Total ID :  112930 

Total ID fetch:  499 
998 sequences downloaded
Total ID :  112930 

Total ID fetch:  499 
1497 sequences downloaded
Total ID :  112930 

Total ID fetch:  499 
1996 sequences downloaded
Total ID :  112930 

Total ID fetch:  499 
2495 sequences downloaded
Total ID :  112930 

Total ID fetch:  499 
2994 sequences downloaded
Total ID :  112930 

Total ID fetch:  499 
3493 sequences downloaded
Total ID :  112930 

Total ID fetch:  499 
3992 sequences downloaded
Total ID :  112930 

Total ID fetch:  499 
4491 sequences downloaded
Total ID :  112930 

Total ID fetch:  499 
4990 sequences downloaded
Total ID :  112930 

Total ID fetch:  499 
5489 sequences downloaded
Total ID :  112930 

Total ID fetch:  499 
5988 sequences downloaded
Total ID :  112930 

Total ID fetch:  499 
6487 sequences downloaded
Total ID :  112930 

Total ID fetch:  499 
6986 sequences downloaded[1] "Nombre de publications restant ‡ intÈgrer :"
[1] 106443
