[1] "Lancement de l'int√©gration des donn√©es de publications: 2022-02-13 18:29:13"
[1] "Lancement de la r√©cup√©ration des id de publication restant √† charger: 2022-02-13 18:29:16"
[1] "Recherche des publications pubmed : 106443 publications encore √† charger"
[1] "Fin de lancement de la r√©cup√©ration des id de publication restant √† charger: 2022-02-13 18:29:18"
[1] "1 - Recherche des publications pubmed : 106443 publications"
[1] "1 - Publications totales pubmed √† charger : 112930 publications"
[1] "2 - Telechargement des publications : "

Total ID :  112930 

Total ID fetch:  499 
499 sequences downloaded
Total ID :  112930 

Total ID fetch:  499 
998 sequences downloaded
Total ID :  112930 

Total ID fetch:  499 
1497 sequences downloaded
Total ID :  112930 

Total ID fetch:  499 
1996 sequences downloaded
Total ID :  112930 

Total ID fetch:  499 
2495 sequences downloaded
Total ID :  112930 

Total ID fetch:  499 
2994 sequences downloaded
Total ID :  112930 

Total ID fetch:  499 
3493 sequences downloaded
Total ID :  112930 

Total ID fetch:  499 
3992 sequences downloaded
Total ID :  112930 

Total ID fetch:  499 
4491 sequences downloaded
Total ID :  112930 

Total ID fetch:  499 
4990 sequences downloaded
Total ID :  112930 

Total ID fetch:  499 
5489 sequences downloaded
Total ID :  112930 

Total ID fetch:  499 
5988 sequences downloaded
Total ID :  112930 

Total ID fetch:  499 
6487 sequences downloaded
Total ID :  112930 

Total ID fetch:  499 
6986 sequences downloadedError in read_xml.raw(charToRaw(enc2utf8(x)), "UTF-8", ..., as_html = as_html,  : 
  internal error: Huge input lookup [1]
[1] "Lancement de la recuperation des id de publication restant a charger: 2022-02-13 18:41:12"
[1] "Recherche des publications pubmed : 106443 publications encore ‡ charger"
[1] "Fin de lancement de la rÈcupÈration des id de publication restant a charger: 2022-02-13 18:41:15"
   [1] "34391978" "34391922" "34391872" "34391791" "34391745" "34391744" "34391740"
   [8] "34391532" "34391509" "34391480" "34391443" "34391408" "34391399" "34391393"
  [15] "34391384" "34391281" "34391035" "34390625" "34390604" "34390394" "34390338"
  [22] "34390300" "34390050" "34389930" "34389927" "34389923" "34389694" "34389656"
  [29] "34389633" "34389618" "34389610" "34389579" "34389569" "34389568" "34389547"
  [36] "34389506" "34389504" "34389292" "34389273" "34389237" "34389234" "34389161"
  [43] "34389022" "34389016" "34389009" "34389003" "34388972" "34388698" "34388515"
  [50] "34388424" "34388396" "34388386" "34388360" "34388324" "34388205" "34388107"
  [57] "34388037" "34388020" "34388007" "34387949" "34387828" "34387740" "34387718"
  [64] "34387679" "34387673" "34387648" "34387570" "34387310" "34387126" "34387119"
  [71] "34387101" "34387097" "34386935" "34386892" "34386824" "34386816" "34386735"
  [78] "34386535" "34386216" "34385972" "34385840" "34385708" "34385707" "34385704"
  [85] "34385593" "34385543" "34385364" "34385263" "34385256" "34385241" "34385234"
  [92] "34385099" "34384941" "34384777" "34384772" "34384709" "34384490" "34384460"
  [99] "34384459" "34384419" "34384384" "34384301" "34384282" "34384145" "34384049"
 [106] "34384042" "34383903" "34383875" "34383774" "34383682" "34383681" "34383676"
 [113] "34383675" "34383662" "34383569" "34383535" "34383393" "34383370" "34383274"
 [120] "34383179" "34383157" "34383010" "34383006" "34382998" "34382947" "34382648"
 [127] "34382434" "34382412" "34382365" "34382135" "34382075" "34381870" "34381825"
 [134] "34381802" "34381382" "34381339" "34381155" "34381030" "34380979" "34380725"
 [141] "34380724" "34380722" "34380663" "34380662" "34380643" "34380634" "34380625"
 [148] "34380567" "34380543" "34380542" "34380539" "34380538" "34380536" "34380527"
 [155] "34380499" "34380473" "34380437" "34380322" "34380000" "34379922" "34379916"
 [162] "34379915" "34379777" "34379701" "34379629" "34379443" "34379442" "34379314"
 [169] "34379285" "34379277" "34379236" "34379119" "34378545" "34378539" "34378456"
 [176] "34378446" "34378365" "34378280" "34378249" "34377890" "34377726" "34377527"
 [183] "34377501" "34377216" "34377158" "34377150" "34376809" "34376579" "34376578"
 [190] "34376577" "34376554" "34376534" "34376508" "34376488" "34376401" "34376358"
 [197] "34376241" "34376233" "34376218" "34376188" "34376155" "34376064" "34375986"
 [204] "34375748" "34375706" "34375444" "34375409" "34375397" "34375394" "34375393"
 [211] "34375388" "34375387" "34375362" "34375343" "34375336" "34375315" "34375314"
 [218] "34375311" "34375135" "34374961" "34374951" "34374848" "34374847" "34374633"
 [225] "34374622" "34374619" "34374425" "34374424" "34374114" "34374027" "34373952"
 [232] "34373347" "34373315" "34373282" "34373186" "34373138" "34372928" "34372905"
 [239] "34372888" "34372849" "34372839" "34372670" "34371380" "34371294" "34371257"
 [246] "34371162" "34371137" "34371102" "34371004" "34370970" "34370858" "34370839"
 [253] "34370833" "34370760" "34370610" "34370573" "34370500" "34370275" "34370116"
 [260] "34370076" "34369983" "34369667" "34369451" "34369447" "34369424" "34369417"
 [267] "34369416" "34369413" "34369388" "34369385" "34369333" "34369198" "34369187"
 [274] "34369165" "34369043" "34368894" "34368662" "34368249" "34368242" "34367728"
 [281] "34367680" "34367287" "34367149" "34367045" "34366941" "34366928" "34366819"
 [288] "34366804" "34366734" "34366432" "34366425" "34366347" "34366201" "34366152"
 [295] "34366147" "34366134" "34366107" "34365978" "34365905" "34365799" "34365016"
 [302] "34364917" "34364770" "34364652" "34364386" "34364385" "34364384" "34364365"
 [309] "34364311" "34364099" "34364096" "34363942" "34363816" "34363769" "34363762"
 [316] "34363617" "34363598" "34363528" "34363478" "34363470" "34363393" "34363386"
 [323] "34363198" "34363189" "34362786" "34362713" "34362494" "34362453" "34362415"
 [330] "34362410" "34362409" "34362344" "34362323" "34362310" "34362303" "34362196"
 [337] "34361902" "34360513" "34360315" "34360198" "34360156" "34360133" "34359048"
 [344] "34359014" "34358839" "34358835" "34358832" "34358827" "34358822" "34358777"
 [351] "34358756" "34358701" "34358495" "34358493" "34358491" "34358486" "34358484"
 [358] "34358471" "34358399" "34358298" "34357790" "34357785" "34357781" "34357593"
 [365] "34357561" "34357478" "34357432" "34357396" "34356046" "34356039" "34355741"
 [372] "34355354" "34355337" "34355282" "34355155" "34355001" "34354735" "34354626"
 [379] "34354179" "34353985" "34353864" "34353848" "34353822" "34353808" "34353802"
 [386] "34353714" "34353696" "34353599" "34353317" "34353299" "34353122" "34352935"
 [393] "34352845" "34352834" "34352829" "34352736" "34352386" "34352166" "34352165"
 [400] "34352143" "34352069" "34351939" "34351867" "34351722" "34351721" "34351679"
 [407] "34351608" "34351598" "34351436" "34351414" "34351401" "34351377" "34351376"
 [414] "34351368" "34351356" "34350976" "34350827" "34350814" "34350730" "34350582"
 [421] "34350546" "34350455" "34350300" "34350193" "34350144" "34349716" "34349563"
 [428] "34349372" "34349370" "34349267" "34349180" "34349116" "34349026" "34349004"
 [435] "34348965" "34348950" "34348942" "34348918" "34348889" "34348797" "34348775"
 [442] "34348724" "34348668" "34348666" "34348660" "34348472" "34348351" "34348045"
 [449] "34347953" "34347952" "34347950" "34347945" "34347865" "34347860" "34347859"
 [456] "34347808" "34347564" "34347542" "34347267" "34347255" "34347254" "34347216"
 [463] "34347093" "34347057" "34347008" "34346900" "34346898" "34346827" "34345911"
 [470] "34345805" "34345718" "34345377" "34345170" "34344873" "34344835" "34344717"
 [477] "34344706" "34344674" "34344672" "34344638" "34344546" "34344416" "34344399"
 [484] "34344360" "34344355" "34344340" "34344312" "34344169" "34343712" "34343443"
 [491] "34343354" "34343292" "34343161" "34343142" "34343107" "34343033" "34343032"
 [498] "34342846" "34342814" "34342768" "34342746" "34342619" "34342593" "34342499"
 [505] "34342304" "34342022" "34342012" "34341578" "34341406" "34341379" "34341153"
 [512] "34341142" "34341101" "34341098" "34341046" "34341037" "34340839" "34340693"
 [519] "34340523" "34339951" "34339623" "34339438" "34339292" "34339267" "34339261"
 [526] "34339231" "34339017" "34338965" "34338876" "34338762" "34338759" "34338742"
 [533] "34338710" "34338408" "34338114" "34337972" "34337527" "34337406" "34337153"
 [540] "34336894" "34336760" "34336750" "34335606" "34335479" "34335465" "34335455"
 [547] "34335336" "34335296" "34335289" "34335219" "34335213" "34335055" "34335043"
 [554] "34334713" "34334709" "34334635" "34334342" "34334250" "34334142" "34333991"
 [561] "34333820" "34333603" "34333554" "34333502" "34333320" "34333138" "34332992"
 [568] "34332946" "34332876" "34332638" "34332629" "34332620" "34332617" "34332616"
 [575] "34332614" "34332558" "34332551" "34332533" "34332522" "34332432" "34332289"
 [582] "34332113" "34331678" "34331589" "34331588" "34331548" "34331515" "34331265"
 [589] "34331258" "34331111" "34331051" "34331019" "34330970" "34330906" "34330881"
 [596] "34330857" "34330855" "34330854" "34330846" "34330842" "34330792" "34330786"
 [603] "34330770" "34330766" "34330715" "34330671" "34330462" "34330461" "34330460"
 [610] "34330417" "34330416" "34330334" "34330322" "34330321" "34329939" "34329846"
 [617] "34329774" "34329577" "34329576" "34329541" "34329469" "34329401" "34329355"
 [624] "34329317" "34328623" "34328570" "34328563" "34328438" "34328433" "34328428"
 [631] "34328366" "34328338" "34328141" "34327883" "34327735" "34327604" "34327591"
 [638] "34327561" "34327510" "34327411" "34327406" "34327344" "34327207" "34327136"
 [645] "34326995" "34326920" "34326905" "34326839" "34326800" "34326188" "34326187"
 [652] "34326185" "34326179" "34326132" "34326100" "34326053" "34326044" "34326007"
 [659] "34325888" "34325887" "34325886" "34325853" "34325831" "34325726" "34325710"
 [666] "34325696" "34325676" "34325670" "34325532" "34325523" "34325519" "34325518"
 [673] "34325453" "34325109" "34325107" "34325040" "34324909" "34324880" "34324836"
 [680] "34324798" "34324636" "34324628" "34324524" "34324500" "34324451" "34324441"
 [687] "34324397" "34324392" "34324166" "34324138" "34324046" "34324028" "34323984"
 [694] "34323958" "34323957" "34323929" "34323924" "34323922" "34323851" "34323542"
 [701] "34323541" "34323526" "34323413" "34323406" "34323296" "34323282" "34323164"
 [708] "34322967" "34322921" "34322918" "34322853" "34322775" "34322673" "34322463"
 [715] "34322460" "34322164" "34322089" "34322079" "34322077" "34321944" "34321921"
 [722] "34321880" "34321583" "34321407" "34321338" "34321304" "34321297" "34321280"
 [729] "34321095" "34321092" "34321058" "34321051" "34321046" "34321045" "34321042"
 [736] "34321035" "34320980" "34320949" "34320940" "34320937" "34320839" "34320785"
 [743] "34320651" "34320342" "34320288" "34320287" "34320286" "34320285" "34320207"
 [750] "34320161" "34319986" "34319971" "34319808" "34319575" "34319564" "34319552"
 [757] "34319506" "34319435" "34319427" "34319398" "34319359" "34319249" "34319247"
 [764] "34319245" "34318438" "34318295" "34318292" "34317072" "34316644" "34315890"
 [771] "34315821" "34315793" "34315767" "34315730" "34315722" "34315611" "34315540"
 [778] "34315519" "34315515" "34315481" "34315439" "34315432" "34315419" "34315415"
 [785] "34315238" "34315232" "34315096" "34314877" "34314483" "34314392" "34314285"
 [792] "34314241" "34314235" "34314018" "34313765" "34313764" "34313752" "34313687"
 [799] "34313686" "34313611" "34313599" "34313474" "34313217" "34312774" "34312616"
 [806] "34312556" "34312544" "34312483" "34312462" "34312211" "34312201" "34312191"
 [813] "34312155" "34312153" "34311780" "34311777" "34311765" "34311754" "34311567"
 [820] "34311566" "34311211" "34311108" "34310978" "34310907" "34310883" "34310871"
 [827] "34310835" "34310745" "34310715" "34310692" "34310640" "34310498" "34310436"
 [834] "34310276" "34310218" "34310202" "34310172" "34310102" "34309859" "34309846"
 [841] "34309668" "34309665" "34309636" "34309576" "34309408" "34309241" "34309174"
 [848] "34308517" "34308366" "34308322" "34308309" "34307728" "34307504" "34307499"
 [855] "34307397" "34307321" "34307246" "34307188" "34307140" "34307126" "34306677"
 [862] "34306265" "34306227" "34306222" "34305948" "34305947" "34305809" "34305642"
 [869] "34305452" "34305401" "34304969" "34304968" "34304913" "34304738" "34304385"
 [876] "34304234" "34304146" "34303786" "34303417" "34303381" "34303267" "34303034"
 [883] "34303017" "34303000" "34302956" "34302924" "34302856" "34302788" "34302760"
 [890] "34302758" "34302748" "34302745" "34302711" "34302589" "34302517" "34302417"
 [897] "34302312" "34302290" "34302257" "34302228" "34301810" "34301809" "34301808"
 [904] "34301736" "34301679" "34301673" "34301669" "34301334" "34301324" "34301320"
 [911] "34301273" "34301246" "34301237" "34301224" "34301221" "34301217" "34301203"
 [918] "34301173" "34301165" "34300338" "34300217" "34300133" "34300020" "34299917"
 [925] "34298589" "34298554" "34298376" "34298149" "34298028" "34298007" "34298005"
 [932] "34297969" "34297797" "34297363" "34297338" "34297275" "34297268" "34297259"
 [939] "34297066" "34297046" "34296674" "34296549" "34296417" "34296334" "34296321"
 [946] "34296150" "34295813" "34295186" "34294923" "34294862" "34294595" "34294416"
 [953] "34294152" "34294137" "34294126" "34294051" "34293802" "34293726" "34293527"
 [960] "34293372" "34293369" "34293304" "34293255" "34293201" "34293156" "34293124"
 [967] "34293081" "34292891" "34292792" "34292562" "34292537" "34292516" "34292493"
 [974] "34292474" "34292473" "34292408" "34292324" "34292305" "34292298" "34292205"
 [981] "34292204" "34292185" "34292174" "34291992" "34291990" "34291813" "34291810"
 [988] "34291808" "34291724" "34291703" "34291470" "34291312" "34291073" "34290403"
 [995] "34290085" "34290069" "34290067" "34289996" "34289971" "34289889"
 [ reached getOption("max.print") -- omitted 105443 entries ]
