[1] "Lancement Traitements_fichiers_XML_SUPP"
[1] "Heure lancement: "
[1] "2022-02-20 02:42:09"
[1] "Suppression des fichiers dans le répertoire :  ./Prod/Input/XML_Supp_Splitted/"
[1] "Suppression des fichiers dans le répertoire :  ./Prod/Output/supp_rds/"
[1] "Création des fichiers xml splittés"
[1] "Lecture des données"
[1] "Calcul de la balise header et de la balise footer"
[1] "Génération des paires"
[1] "319 fichiers à générer"
[1] "Split des données et écriture dans un .xml spécifique"
[1] "Fichier : 1"
[1] "Fichier : 2"
[1] "Fichier : 3"
[1] "Fichier : 4"
[1] "Fichier : 5"
[1] "Fichier : 6"
[1] "Fichier : 7"
[1] "Fichier : 8"
[1] "Fichier : 9"
[1] "Fichier : 10"
[1] "Fichier : 11"
[1] "Fichier : 12"
[1] "Fichier : 13"
[1] "Fichier : 14"
[1] "Fichier : 15"
[1] "Fichier : 16"
[1] "Fichier : 17"
[1] "Fichier : 18"
[1] "Fichier : 19"
[1] "Fichier : 20"
[1] "Fichier : 21"
[1] "Fichier : 22"
[1] "Fichier : 23"
[1] "Fichier : 24"
[1] "Fichier : 25"
[1] "Fichier : 26"
[1] "Fichier : 27"
[1] "Fichier : 28"
[1] "Fichier : 29"
[1] "Fichier : 30"
[1] "Fichier : 31"
[1] "Fichier : 32"
[1] "Fichier : 33"
[1] "Fichier : 34"
[1] "Fichier : 35"
[1] "Fichier : 36"
[1] "Fichier : 37"
[1] "Fichier : 38"
[1] "Fichier : 39"
[1] "Fichier : 40"
[1] "Fichier : 41"
[1] "Fichier : 42"
[1] "Fichier : 43"
[1] "Fichier : 44"
[1] "Fichier : 45"
[1] "Fichier : 46"
[1] "Fichier : 47"
[1] "Fichier : 48"
[1] "Fichier : 49"
[1] "Fichier : 50"
[1] "Fichier : 51"
[1] "Fichier : 52"
[1] "Fichier : 53"
[1] "Fichier : 54"
[1] "Fichier : 55"
[1] "Fichier : 56"
[1] "Fichier : 57"
[1] "Fichier : 58"
[1] "Fichier : 59"
[1] "Fichier : 60"
[1] "Fichier : 61"
[1] "Fichier : 62"
[1] "Fichier : 63"
[1] "Fichier : 64"
[1] "Fichier : 65"
[1] "Fichier : 66"
[1] "Fichier : 67"
[1] "Fichier : 68"
[1] "Fichier : 69"
[1] "Fichier : 70"
[1] "Fichier : 71"
[1] "Fichier : 72"
[1] "Fichier : 73"
[1] "Fichier : 74"
[1] "Fichier : 75"
[1] "Fichier : 76"
[1] "Fichier : 77"
[1] "Fichier : 78"
[1] "Fichier : 79"
[1] "Fichier : 80"
[1] "Fichier : 81"
[1] "Fichier : 82"
[1] "Fichier : 83"
[1] "Fichier : 84"
[1] "Fichier : 85"
[1] "Fichier : 86"
[1] "Fichier : 87"
[1] "Fichier : 88"
[1] "Fichier : 89"
[1] "Fichier : 90"
[1] "Fichier : 91"
[1] "Fichier : 92"
[1] "Fichier : 93"
[1] "Fichier : 94"
[1] "Fichier : 95"
[1] "Fichier : 96"
[1] "Fichier : 97"
[1] "Fichier : 98"
[1] "Fichier : 99"
[1] "Fichier : 100"
[1] "Fichier : 101"
[1] "Fichier : 102"
[1] "Fichier : 103"
[1] "Fichier : 104"
[1] "Fichier : 105"
[1] "Fichier : 106"
[1] "Fichier : 107"
[1] "Fichier : 108"
[1] "Fichier : 109"
[1] "Fichier : 110"
[1] "Fichier : 111"
[1] "Fichier : 112"
[1] "Fichier : 113"
[1] "Fichier : 114"
[1] "Fichier : 115"
[1] "Fichier : 116"
[1] "Fichier : 117"
[1] "Fichier : 118"
[1] "Fichier : 119"
[1] "Fichier : 120"
[1] "Fichier : 121"
[1] "Fichier : 122"
[1] "Fichier : 123"
[1] "Fichier : 124"
[1] "Fichier : 125"
[1] "Fichier : 126"
[1] "Fichier : 127"
[1] "Fichier : 128"
[1] "Fichier : 129"
[1] "Fichier : 130"
[1] "Fichier : 131"
[1] "Fichier : 132"
[1] "Fichier : 133"
[1] "Fichier : 134"
[1] "Fichier : 135"
[1] "Fichier : 136"
[1] "Fichier : 137"
[1] "Fichier : 138"
[1] "Fichier : 139"
[1] "Fichier : 140"
[1] "Fichier : 141"
[1] "Fichier : 142"
[1] "Fichier : 143"
[1] "Fichier : 144"
[1] "Fichier : 145"
[1] "Fichier : 146"
[1] "Fichier : 147"
[1] "Fichier : 148"
[1] "Fichier : 149"
[1] "Fichier : 150"
[1] "Fichier : 151"
[1] "Fichier : 152"
[1] "Fichier : 153"
[1] "Fichier : 154"
[1] "Fichier : 155"
[1] "Fichier : 156"
[1] "Fichier : 157"
[1] "Fichier : 158"
[1] "Fichier : 159"
[1] "Fichier : 160"
[1] "Fichier : 161"
[1] "Fichier : 162"
[1] "Fichier : 163"
[1] "Fichier : 164"
[1] "Fichier : 165"
[1] "Fichier : 166"
[1] "Fichier : 167"
[1] "Fichier : 168"
[1] "Fichier : 169"
[1] "Fichier : 170"
[1] "Fichier : 171"
[1] "Fichier : 172"
[1] "Fichier : 173"
[1] "Fichier : 174"
[1] "Fichier : 175"
[1] "Fichier : 176"
[1] "Fichier : 177"
[1] "Fichier : 178"
[1] "Fichier : 179"
[1] "Fichier : 180"
[1] "Fichier : 181"
[1] "Fichier : 182"
[1] "Fichier : 183"
[1] "Fichier : 184"
[1] "Fichier : 185"
[1] "Fichier : 186"
[1] "Fichier : 187"
[1] "Fichier : 188"
[1] "Fichier : 189"
[1] "Fichier : 190"
[1] "Fichier : 191"
[1] "Fichier : 192"
[1] "Fichier : 193"
[1] "Fichier : 194"
[1] "Fichier : 195"
[1] "Fichier : 196"
[1] "Fichier : 197"
[1] "Fichier : 198"
[1] "Fichier : 199"
[1] "Fichier : 200"
[1] "Fichier : 201"
[1] "Fichier : 202"
[1] "Fichier : 203"
[1] "Fichier : 204"
[1] "Fichier : 205"
[1] "Fichier : 206"
[1] "Fichier : 207"
[1] "Fichier : 208"
[1] "Fichier : 209"
[1] "Fichier : 210"
[1] "Fichier : 211"
[1] "Fichier : 212"
[1] "Fichier : 213"
[1] "Fichier : 214"
[1] "Fichier : 215"
[1] "Fichier : 216"
[1] "Fichier : 217"
[1] "Fichier : 218"
[1] "Fichier : 219"
[1] "Fichier : 220"
[1] "Fichier : 221"
[1] "Fichier : 222"
[1] "Fichier : 223"
[1] "Fichier : 224"
[1] "Fichier : 225"
[1] "Fichier : 226"
[1] "Fichier : 227"
[1] "Fichier : 228"
[1] "Fichier : 229"
[1] "Fichier : 230"
[1] "Fichier : 231"
[1] "Fichier : 232"
[1] "Fichier : 233"
[1] "Fichier : 234"
[1] "Fichier : 235"
[1] "Fichier : 236"
[1] "Fichier : 237"
[1] "Fichier : 238"
[1] "Fichier : 239"
[1] "Fichier : 240"
[1] "Fichier : 241"
[1] "Fichier : 242"
[1] "Fichier : 243"
[1] "Fichier : 244"
[1] "Fichier : 245"
[1] "Fichier : 246"
[1] "Fichier : 247"
[1] "Fichier : 248"
[1] "Fichier : 249"
[1] "Fichier : 250"
[1] "Fichier : 251"
[1] "Fichier : 252"
[1] "Fichier : 253"
[1] "Fichier : 254"
[1] "Fichier : 255"
[1] "Fichier : 256"
[1] "Fichier : 257"
[1] "Fichier : 258"
[1] "Fichier : 259"
[1] "Fichier : 260"
[1] "Fichier : 261"
[1] "Fichier : 262"
[1] "Fichier : 263"
[1] "Fichier : 264"
[1] "Fichier : 265"
[1] "Fichier : 266"
[1] "Fichier : 267"
[1] "Fichier : 268"
[1] "Fichier : 269"
[1] "Fichier : 270"
[1] "Fichier : 271"
[1] "Fichier : 272"
[1] "Fichier : 273"
[1] "Fichier : 274"
[1] "Fichier : 275"
[1] "Fichier : 276"
[1] "Fichier : 277"
[1] "Fichier : 278"
[1] "Fichier : 279"
[1] "Fichier : 280"
[1] "Fichier : 281"
[1] "Fichier : 282"
[1] "Fichier : 283"
[1] "Fichier : 284"
[1] "Fichier : 285"
[1] "Fichier : 286"
[1] "Fichier : 287"
[1] "Fichier : 288"
[1] "Fichier : 289"
[1] "Fichier : 290"
[1] "Fichier : 291"
[1] "Fichier : 292"
[1] "Fichier : 293"
[1] "Fichier : 294"
[1] "Fichier : 295"
[1] "Fichier : 296"
[1] "Fichier : 297"
[1] "Fichier : 298"
[1] "Fichier : 299"
[1] "Fichier : 300"
[1] "Fichier : 301"
[1] "Fichier : 302"
[1] "Fichier : 303"
[1] "Fichier : 304"
[1] "Fichier : 305"
[1] "Fichier : 306"
[1] "Fichier : 307"
[1] "Fichier : 308"
[1] "Fichier : 309"
[1] "Fichier : 310"
[1] "Fichier : 311"
[1] "Fichier : 312"
[1] "Fichier : 313"
[1] "Fichier : 314"
[1] "Fichier : 315"
[1] "Fichier : 316"
[1] "Fichier : 317"
[1] "Fichier : 318"
[1] "Fichier : 319"
[1] "Traitement de : split_part_1.xml"
[1] "Traitement de : split_part_10.xml"
[1] "Traitement de : split_part_100.xml"
[1] "Traitement de : split_part_101.xml"
[1] "Traitement de : split_part_102.xml"
[1] "Traitement de : split_part_103.xml"
[1] "Traitement de : split_part_104.xml"
[1] "Traitement de : split_part_105.xml"
[1] "Traitement de : split_part_106.xml"
[1] "Traitement de : split_part_107.xml"
[1] "Traitement de : split_part_108.xml"
[1] "Traitement de : split_part_109.xml"
[1] "Traitement de : split_part_11.xml"
[1] "Traitement de : split_part_110.xml"
[1] "Traitement de : split_part_111.xml"
[1] "Traitement de : split_part_112.xml"
[1] "Traitement de : split_part_113.xml"
[1] "Traitement de : split_part_114.xml"
[1] "Traitement de : split_part_115.xml"
[1] "Traitement de : split_part_116.xml"
[1] "Traitement de : split_part_117.xml"
[1] "Traitement de : split_part_118.xml"
[1] "Traitement de : split_part_119.xml"
[1] "Traitement de : split_part_12.xml"
[1] "Traitement de : split_part_120.xml"
[1] "Traitement de : split_part_121.xml"
[1] "Traitement de : split_part_122.xml"
[1] "Traitement de : split_part_123.xml"
[1] "Traitement de : split_part_124.xml"
[1] "Traitement de : split_part_125.xml"
[1] "Traitement de : split_part_126.xml"
[1] "Traitement de : split_part_127.xml"
[1] "Traitement de : split_part_128.xml"
[1] "Traitement de : split_part_129.xml"
[1] "Traitement de : split_part_13.xml"
[1] "Traitement de : split_part_130.xml"
[1] "Traitement de : split_part_131.xml"
[1] "Traitement de : split_part_132.xml"
[1] "Traitement de : split_part_133.xml"
[1] "Traitement de : split_part_134.xml"
[1] "Traitement de : split_part_135.xml"
[1] "Traitement de : split_part_136.xml"
[1] "Traitement de : split_part_137.xml"
[1] "Traitement de : split_part_138.xml"
[1] "Traitement de : split_part_139.xml"
[1] "Traitement de : split_part_14.xml"
[1] "Traitement de : split_part_140.xml"
[1] "Traitement de : split_part_141.xml"
[1] "Traitement de : split_part_142.xml"
[1] "Traitement de : split_part_143.xml"
[1] "Traitement de : split_part_144.xml"
[1] "Traitement de : split_part_145.xml"
[1] "Traitement de : split_part_146.xml"
[1] "Traitement de : split_part_147.xml"
[1] "Traitement de : split_part_148.xml"
[1] "Traitement de : split_part_149.xml"
[1] "Traitement de : split_part_15.xml"
[1] "Traitement de : split_part_150.xml"
[1] "Traitement de : split_part_151.xml"
[1] "Traitement de : split_part_152.xml"
[1] "Traitement de : split_part_153.xml"
[1] "Traitement de : split_part_154.xml"
[1] "Traitement de : split_part_155.xml"
[1] "Traitement de : split_part_156.xml"
[1] "Traitement de : split_part_157.xml"
[1] "Traitement de : split_part_158.xml"
[1] "Traitement de : split_part_159.xml"
[1] "Traitement de : split_part_16.xml"
[1] "Traitement de : split_part_160.xml"
[1] "Traitement de : split_part_161.xml"
[1] "Traitement de : split_part_162.xml"
[1] "Traitement de : split_part_163.xml"
[1] "Traitement de : split_part_164.xml"
[1] "Traitement de : split_part_165.xml"
[1] "Traitement de : split_part_166.xml"
[1] "Traitement de : split_part_167.xml"
[1] "Traitement de : split_part_168.xml"
[1] "Traitement de : split_part_169.xml"
[1] "Traitement de : split_part_17.xml"
[1] "Traitement de : split_part_170.xml"
[1] "Traitement de : split_part_171.xml"
[1] "Traitement de : split_part_172.xml"
[1] "Traitement de : split_part_173.xml"
[1] "Traitement de : split_part_174.xml"
[1] "Traitement de : split_part_175.xml"
[1] "Traitement de : split_part_176.xml"
[1] "Traitement de : split_part_177.xml"
[1] "Traitement de : split_part_178.xml"
[1] "Traitement de : split_part_179.xml"
[1] "Traitement de : split_part_18.xml"
[1] "Traitement de : split_part_180.xml"
[1] "Traitement de : split_part_181.xml"
[1] "Traitement de : split_part_182.xml"
[1] "Traitement de : split_part_183.xml"
[1] "Traitement de : split_part_184.xml"
[1] "Traitement de : split_part_185.xml"
[1] "Traitement de : split_part_186.xml"
[1] "Traitement de : split_part_187.xml"
[1] "Traitement de : split_part_188.xml"
[1] "Traitement de : split_part_189.xml"
[1] "Traitement de : split_part_19.xml"
[1] "Traitement de : split_part_190.xml"
[1] "Traitement de : split_part_191.xml"
[1] "Traitement de : split_part_192.xml"
[1] "Traitement de : split_part_193.xml"
[1] "Traitement de : split_part_194.xml"
[1] "Traitement de : split_part_195.xml"
[1] "Traitement de : split_part_196.xml"
[1] "Traitement de : split_part_197.xml"
[1] "Traitement de : split_part_198.xml"
[1] "Traitement de : split_part_199.xml"
[1] "Traitement de : split_part_2.xml"
[1] "Traitement de : split_part_20.xml"
[1] "Traitement de : split_part_200.xml"
[1] "Traitement de : split_part_201.xml"
[1] "Traitement de : split_part_202.xml"
[1] "Traitement de : split_part_203.xml"
[1] "Traitement de : split_part_204.xml"
[1] "Traitement de : split_part_205.xml"
[1] "Traitement de : split_part_206.xml"
[1] "Traitement de : split_part_207.xml"
[1] "Traitement de : split_part_208.xml"
[1] "Traitement de : split_part_209.xml"
[1] "Traitement de : split_part_21.xml"
[1] "Traitement de : split_part_210.xml"
[1] "Traitement de : split_part_211.xml"
[1] "Traitement de : split_part_212.xml"
[1] "Traitement de : split_part_213.xml"
[1] "Traitement de : split_part_214.xml"
[1] "Traitement de : split_part_215.xml"
[1] "Traitement de : split_part_216.xml"
[1] "Traitement de : split_part_217.xml"
[1] "Traitement de : split_part_218.xml"
[1] "Traitement de : split_part_219.xml"
[1] "Traitement de : split_part_22.xml"
[1] "Traitement de : split_part_220.xml"
[1] "Traitement de : split_part_221.xml"
[1] "Traitement de : split_part_222.xml"
[1] "Traitement de : split_part_223.xml"
[1] "Traitement de : split_part_224.xml"
[1] "Traitement de : split_part_225.xml"
[1] "Traitement de : split_part_226.xml"
[1] "Traitement de : split_part_227.xml"
[1] "Traitement de : split_part_228.xml"
[1] "Traitement de : split_part_229.xml"
[1] "Traitement de : split_part_23.xml"
[1] "Traitement de : split_part_230.xml"
[1] "Traitement de : split_part_231.xml"
[1] "Traitement de : split_part_232.xml"
[1] "Traitement de : split_part_233.xml"
[1] "Traitement de : split_part_234.xml"
[1] "Traitement de : split_part_235.xml"
[1] "Traitement de : split_part_236.xml"
[1] "Traitement de : split_part_237.xml"
[1] "Traitement de : split_part_238.xml"
[1] "Traitement de : split_part_239.xml"
[1] "Traitement de : split_part_24.xml"
[1] "Traitement de : split_part_240.xml"
[1] "Traitement de : split_part_241.xml"
[1] "Traitement de : split_part_242.xml"
[1] "Traitement de : split_part_243.xml"
[1] "Traitement de : split_part_244.xml"
[1] "Traitement de : split_part_245.xml"
[1] "Traitement de : split_part_246.xml"
[1] "Traitement de : split_part_247.xml"
[1] "Traitement de : split_part_248.xml"
[1] "Traitement de : split_part_249.xml"
[1] "Traitement de : split_part_25.xml"
[1] "Traitement de : split_part_250.xml"
[1] "Traitement de : split_part_251.xml"
[1] "Traitement de : split_part_252.xml"
[1] "Traitement de : split_part_253.xml"
[1] "Traitement de : split_part_254.xml"
[1] "Traitement de : split_part_255.xml"
[1] "Traitement de : split_part_256.xml"
[1] "Traitement de : split_part_257.xml"
[1] "Traitement de : split_part_258.xml"
[1] "Traitement de : split_part_259.xml"
[1] "Traitement de : split_part_26.xml"
[1] "Traitement de : split_part_260.xml"
[1] "Traitement de : split_part_261.xml"
[1] "Traitement de : split_part_262.xml"
[1] "Traitement de : split_part_263.xml"
[1] "Traitement de : split_part_264.xml"
[1] "Traitement de : split_part_265.xml"
[1] "Traitement de : split_part_266.xml"
[1] "Traitement de : split_part_267.xml"
[1] "Traitement de : split_part_268.xml"
[1] "Traitement de : split_part_269.xml"
[1] "Traitement de : split_part_27.xml"
[1] "Traitement de : split_part_270.xml"
[1] "Traitement de : split_part_271.xml"
[1] "Traitement de : split_part_272.xml"
[1] "Traitement de : split_part_273.xml"
[1] "Traitement de : split_part_274.xml"
[1] "Traitement de : split_part_275.xml"
[1] "Traitement de : split_part_276.xml"
[1] "Traitement de : split_part_277.xml"
[1] "Traitement de : split_part_278.xml"
[1] "Traitement de : split_part_279.xml"
[1] "Traitement de : split_part_28.xml"
[1] "Traitement de : split_part_280.xml"
[1] "Traitement de : split_part_281.xml"
[1] "Traitement de : split_part_282.xml"
[1] "Traitement de : split_part_283.xml"
[1] "Traitement de : split_part_284.xml"
[1] "Traitement de : split_part_285.xml"
[1] "Traitement de : split_part_286.xml"
[1] "Traitement de : split_part_287.xml"
[1] "Traitement de : split_part_288.xml"
[1] "Traitement de : split_part_289.xml"
[1] "Traitement de : split_part_29.xml"
[1] "Traitement de : split_part_290.xml"
[1] "Traitement de : split_part_291.xml"
[1] "Traitement de : split_part_292.xml"
[1] "Traitement de : split_part_293.xml"
[1] "Traitement de : split_part_294.xml"
[1] "Traitement de : split_part_295.xml"
[1] "Traitement de : split_part_296.xml"
[1] "Traitement de : split_part_297.xml"
[1] "Traitement de : split_part_298.xml"
[1] "Traitement de : split_part_299.xml"
[1] "Traitement de : split_part_3.xml"
[1] "Traitement de : split_part_30.xml"
[1] "Traitement de : split_part_300.xml"
[1] "Traitement de : split_part_301.xml"
[1] "Traitement de : split_part_302.xml"
[1] "Traitement de : split_part_303.xml"
[1] "Traitement de : split_part_304.xml"
[1] "Traitement de : split_part_305.xml"
[1] "Traitement de : split_part_306.xml"
[1] "Traitement de : split_part_307.xml"
[1] "Traitement de : split_part_308.xml"
[1] "Traitement de : split_part_309.xml"
[1] "Traitement de : split_part_31.xml"
[1] "Traitement de : split_part_310.xml"
[1] "Traitement de : split_part_311.xml"
[1] "Traitement de : split_part_312.xml"
[1] "Traitement de : split_part_313.xml"
[1] "Traitement de : split_part_314.xml"
[1] "Traitement de : split_part_315.xml"
[1] "Traitement de : split_part_316.xml"
[1] "Traitement de : split_part_317.xml"
[1] "Traitement de : split_part_318.xml"
[1] "Traitement de : split_part_319.xml"
[1] "Traitement de : split_part_32.xml"
[1] "Traitement de : split_part_33.xml"
[1] "Traitement de : split_part_34.xml"
[1] "Traitement de : split_part_35.xml"
[1] "Traitement de : split_part_36.xml"
[1] "Traitement de : split_part_37.xml"
[1] "Traitement de : split_part_38.xml"
[1] "Traitement de : split_part_39.xml"
[1] "Traitement de : split_part_4.xml"
[1] "Traitement de : split_part_40.xml"
[1] "Traitement de : split_part_41.xml"
[1] "Traitement de : split_part_42.xml"
[1] "Traitement de : split_part_43.xml"
[1] "Traitement de : split_part_44.xml"
[1] "Traitement de : split_part_45.xml"
[1] "Traitement de : split_part_46.xml"
[1] "Traitement de : split_part_47.xml"
[1] "Traitement de : split_part_48.xml"
[1] "Traitement de : split_part_49.xml"
[1] "Traitement de : split_part_5.xml"
[1] "Traitement de : split_part_50.xml"
[1] "Traitement de : split_part_51.xml"
[1] "Traitement de : split_part_52.xml"
[1] "Traitement de : split_part_53.xml"
[1] "Traitement de : split_part_54.xml"
[1] "Traitement de : split_part_55.xml"
[1] "Traitement de : split_part_56.xml"
[1] "Traitement de : split_part_57.xml"
[1] "Traitement de : split_part_58.xml"
[1] "Traitement de : split_part_59.xml"
[1] "Traitement de : split_part_6.xml"
[1] "Traitement de : split_part_60.xml"
[1] "Traitement de : split_part_61.xml"
[1] "Traitement de : split_part_62.xml"
[1] "Traitement de : split_part_63.xml"
[1] "Traitement de : split_part_64.xml"
[1] "Traitement de : split_part_65.xml"
[1] "Traitement de : split_part_66.xml"
[1] "Traitement de : split_part_67.xml"
[1] "Traitement de : split_part_68.xml"
[1] "Traitement de : split_part_69.xml"
[1] "Traitement de : split_part_7.xml"
[1] "Traitement de : split_part_70.xml"
[1] "Traitement de : split_part_71.xml"
[1] "Traitement de : split_part_72.xml"
[1] "Traitement de : split_part_73.xml"
[1] "Traitement de : split_part_74.xml"
[1] "Traitement de : split_part_75.xml"
[1] "Traitement de : split_part_76.xml"
[1] "Traitement de : split_part_77.xml"
[1] "Traitement de : split_part_78.xml"
[1] "Traitement de : split_part_79.xml"
[1] "Traitement de : split_part_8.xml"
[1] "Traitement de : split_part_80.xml"
[1] "Traitement de : split_part_81.xml"
[1] "Traitement de : split_part_82.xml"
[1] "Traitement de : split_part_83.xml"
[1] "Traitement de : split_part_84.xml"
[1] "Traitement de : split_part_85.xml"
[1] "Traitement de : split_part_86.xml"
[1] "Traitement de : split_part_87.xml"
[1] "Traitement de : split_part_88.xml"
[1] "Traitement de : split_part_89.xml"
[1] "Traitement de : split_part_9.xml"
[1] "Traitement de : split_part_90.xml"
[1] "Traitement de : split_part_91.xml"
[1] "Traitement de : split_part_92.xml"
[1] "Traitement de : split_part_93.xml"
[1] "Traitement de : split_part_94.xml"
[1] "Traitement de : split_part_95.xml"
[1] "Traitement de : split_part_96.xml"
[1] "Traitement de : split_part_97.xml"
[1] "Traitement de : split_part_98.xml"
[1] "Traitement de : split_part_99.xml"
[1] "Fin Traitements_fichiers_XML_SUPP"
[1] "Heure lancement: "
[1] "2022-02-20 03:48:57"
